2018-06-02 20:54:53,104 DEBUG    root            Loaded Command Group: [u'gcloud', u'compute', u'instances']
2018-06-02 20:54:53,112 DEBUG    root            Loaded Command Group: [u'gcloud', u'compute', u'instances', u'list']
2018-06-02 20:54:53,115 DEBUG    root            Running [gcloud.compute.instances.list] with arguments: []
2018-06-02 20:54:53,413 INFO     root            Display format: "    table(
      name,
      zone.basename(),
      machineType.machine_type().basename(),
      scheduling.preemptible.yesno(yes=true, no=''),
      networkInterfaces[].networkIP.notnull().list():label=INTERNAL_IP,
      networkInterfaces[].accessConfigs[0].natIP.notnull().list()      :label=EXTERNAL_IP,
      status
    )"
2018-06-02 20:54:53,931 INFO     root            cache collection=compute.instances api_version=v1 params=[u'project', u'zone', u'instance']
2018-06-02 20:54:54,123 INFO     ___FILE_ONLY___ NAME
2018-06-02 20:54:54,124 INFO     ___FILE_ONLY___              
2018-06-02 20:54:54,124 INFO     ___FILE_ONLY___ ZONE
2018-06-02 20:54:54,124 INFO     ___FILE_ONLY___         
2018-06-02 20:54:54,124 INFO     ___FILE_ONLY___ MACHINE_TYPE
2018-06-02 20:54:54,124 INFO     ___FILE_ONLY___   
2018-06-02 20:54:54,124 INFO     ___FILE_ONLY___ PREEMPTIBLE
2018-06-02 20:54:54,124 INFO     ___FILE_ONLY___   
2018-06-02 20:54:54,124 INFO     ___FILE_ONLY___ INTERNAL_IP
2018-06-02 20:54:54,125 INFO     ___FILE_ONLY___   
2018-06-02 20:54:54,125 INFO     ___FILE_ONLY___ EXTERNAL_IP
2018-06-02 20:54:54,125 INFO     ___FILE_ONLY___      
2018-06-02 20:54:54,125 INFO     ___FILE_ONLY___ STATUS
2018-06-02 20:54:54,125 INFO     ___FILE_ONLY___ 

2018-06-02 20:54:54,125 INFO     ___FILE_ONLY___ cacti-server
2018-06-02 20:54:54,125 INFO     ___FILE_ONLY___      
2018-06-02 20:54:54,125 INFO     ___FILE_ONLY___ us-west1-a
2018-06-02 20:54:54,126 INFO     ___FILE_ONLY___   
2018-06-02 20:54:54,126 INFO     ___FILE_ONLY___ f1-micro
2018-06-02 20:54:54,126 INFO     ___FILE_ONLY___                    
2018-06-02 20:54:54,126 INFO     ___FILE_ONLY___ 10.138.0.14
2018-06-02 20:54:54,126 INFO     ___FILE_ONLY___                   
2018-06-02 20:54:54,126 INFO     ___FILE_ONLY___ TERMINATED
2018-06-02 20:54:54,126 INFO     ___FILE_ONLY___ 

2018-06-02 20:54:54,126 INFO     ___FILE_ONLY___ django-a
2018-06-02 20:54:54,127 INFO     ___FILE_ONLY___          
2018-06-02 20:54:54,127 INFO     ___FILE_ONLY___ us-west1-a
2018-06-02 20:54:54,127 INFO     ___FILE_ONLY___   
2018-06-02 20:54:54,127 INFO     ___FILE_ONLY___ f1-micro
2018-06-02 20:54:54,127 INFO     ___FILE_ONLY___                    
2018-06-02 20:54:54,127 INFO     ___FILE_ONLY___ 10.138.0.11
2018-06-02 20:54:54,127 INFO     ___FILE_ONLY___                   
2018-06-02 20:54:54,127 INFO     ___FILE_ONLY___ TERMINATED
2018-06-02 20:54:54,128 INFO     ___FILE_ONLY___ 

2018-06-02 20:54:54,128 INFO     ___FILE_ONLY___ gcloud1
2018-06-02 20:54:54,128 INFO     ___FILE_ONLY___           
2018-06-02 20:54:54,128 INFO     ___FILE_ONLY___ us-west1-a
2018-06-02 20:54:54,128 INFO     ___FILE_ONLY___   
2018-06-02 20:54:54,128 INFO     ___FILE_ONLY___ f1-micro
2018-06-02 20:54:54,128 INFO     ___FILE_ONLY___                    
2018-06-02 20:54:54,128 INFO     ___FILE_ONLY___ 10.138.0.2
2018-06-02 20:54:54,129 INFO     ___FILE_ONLY___                    
2018-06-02 20:54:54,129 INFO     ___FILE_ONLY___ TERMINATED
2018-06-02 20:54:54,129 INFO     ___FILE_ONLY___ 

2018-06-02 20:54:54,129 INFO     ___FILE_ONLY___ ldap
2018-06-02 20:54:54,129 INFO     ___FILE_ONLY___              
2018-06-02 20:54:54,129 INFO     ___FILE_ONLY___ us-west1-a
2018-06-02 20:54:54,129 INFO     ___FILE_ONLY___   
2018-06-02 20:54:54,129 INFO     ___FILE_ONLY___ f1-micro
2018-06-02 20:54:54,130 INFO     ___FILE_ONLY___                    
2018-06-02 20:54:54,130 INFO     ___FILE_ONLY___ 10.138.0.5
2018-06-02 20:54:54,130 INFO     ___FILE_ONLY___                    
2018-06-02 20:54:54,130 INFO     ___FILE_ONLY___ TERMINATED
2018-06-02 20:54:54,130 INFO     ___FILE_ONLY___ 

2018-06-02 20:54:54,130 INFO     ___FILE_ONLY___ ldap-server
2018-06-02 20:54:54,130 INFO     ___FILE_ONLY___       
2018-06-02 20:54:54,131 INFO     ___FILE_ONLY___ us-west1-a
2018-06-02 20:54:54,131 INFO     ___FILE_ONLY___   
2018-06-02 20:54:54,131 INFO     ___FILE_ONLY___ f1-micro
2018-06-02 20:54:54,131 INFO     ___FILE_ONLY___                    
2018-06-02 20:54:54,131 INFO     ___FILE_ONLY___ 10.138.0.7
2018-06-02 20:54:54,131 INFO     ___FILE_ONLY___                    
2018-06-02 20:54:54,131 INFO     ___FILE_ONLY___ TERMINATED
2018-06-02 20:54:54,131 INFO     ___FILE_ONLY___ 

2018-06-02 20:54:54,132 INFO     ___FILE_ONLY___ nagios-server
2018-06-02 20:54:54,132 INFO     ___FILE_ONLY___     
2018-06-02 20:54:54,132 INFO     ___FILE_ONLY___ us-west1-a
2018-06-02 20:54:54,132 INFO     ___FILE_ONLY___   
2018-06-02 20:54:54,132 INFO     ___FILE_ONLY___ f1-micro
2018-06-02 20:54:54,132 INFO     ___FILE_ONLY___                    
2018-06-02 20:54:54,132 INFO     ___FILE_ONLY___ 10.138.0.12
2018-06-02 20:54:54,132 INFO     ___FILE_ONLY___                   
2018-06-02 20:54:54,133 INFO     ___FILE_ONLY___ TERMINATED
2018-06-02 20:54:54,133 INFO     ___FILE_ONLY___ 

2018-06-02 20:54:54,133 INFO     ___FILE_ONLY___ nagios1
2018-06-02 20:54:54,133 INFO     ___FILE_ONLY___           
2018-06-02 20:54:54,133 INFO     ___FILE_ONLY___ us-west1-a
2018-06-02 20:54:54,133 INFO     ___FILE_ONLY___   
2018-06-02 20:54:54,133 INFO     ___FILE_ONLY___ f1-micro
2018-06-02 20:54:54,133 INFO     ___FILE_ONLY___                    
2018-06-02 20:54:54,134 INFO     ___FILE_ONLY___ 10.138.0.6
2018-06-02 20:54:54,134 INFO     ___FILE_ONLY___    
2018-06-02 20:54:54,134 INFO     ___FILE_ONLY___ 35.233.249.225
2018-06-02 20:54:54,134 INFO     ___FILE_ONLY___   
2018-06-02 20:54:54,134 INFO     ___FILE_ONLY___ RUNNING
2018-06-02 20:54:54,134 INFO     ___FILE_ONLY___ 

2018-06-02 20:54:54,134 INFO     ___FILE_ONLY___ nfs
2018-06-02 20:54:54,134 INFO     ___FILE_ONLY___               
2018-06-02 20:54:54,135 INFO     ___FILE_ONLY___ us-west1-a
2018-06-02 20:54:54,135 INFO     ___FILE_ONLY___   
2018-06-02 20:54:54,135 INFO     ___FILE_ONLY___ f1-micro
2018-06-02 20:54:54,135 INFO     ___FILE_ONLY___                    
2018-06-02 20:54:54,135 INFO     ___FILE_ONLY___ 10.138.0.8
2018-06-02 20:54:54,135 INFO     ___FILE_ONLY___                    
2018-06-02 20:54:54,135 INFO     ___FILE_ONLY___ TERMINATED
2018-06-02 20:54:54,135 INFO     ___FILE_ONLY___ 

2018-06-02 20:54:54,136 INFO     ___FILE_ONLY___ postgres
2018-06-02 20:54:54,136 INFO     ___FILE_ONLY___          
2018-06-02 20:54:54,136 INFO     ___FILE_ONLY___ us-west1-a
2018-06-02 20:54:54,136 INFO     ___FILE_ONLY___   
2018-06-02 20:54:54,136 INFO     ___FILE_ONLY___ f1-micro
2018-06-02 20:54:54,136 INFO     ___FILE_ONLY___                    
2018-06-02 20:54:54,136 INFO     ___FILE_ONLY___ 10.138.0.9
2018-06-02 20:54:54,136 INFO     ___FILE_ONLY___                    
2018-06-02 20:54:54,137 INFO     ___FILE_ONLY___ TERMINATED
2018-06-02 20:54:54,137 INFO     ___FILE_ONLY___ 

2018-06-02 20:54:54,137 INFO     ___FILE_ONLY___ rpm-3
2018-06-02 20:54:54,137 INFO     ___FILE_ONLY___             
2018-06-02 20:54:54,137 INFO     ___FILE_ONLY___ us-west1-a
2018-06-02 20:54:54,137 INFO     ___FILE_ONLY___   
2018-06-02 20:54:54,137 INFO     ___FILE_ONLY___ f1-micro
2018-06-02 20:54:54,137 INFO     ___FILE_ONLY___                    
2018-06-02 20:54:54,137 INFO     ___FILE_ONLY___ 10.138.0.10
2018-06-02 20:54:54,138 INFO     ___FILE_ONLY___                   
2018-06-02 20:54:54,138 INFO     ___FILE_ONLY___ TERMINATED
2018-06-02 20:54:54,138 INFO     ___FILE_ONLY___ 

2018-06-02 20:54:54,138 INFO     ___FILE_ONLY___ rpm-server
2018-06-02 20:54:54,138 INFO     ___FILE_ONLY___        
2018-06-02 20:54:54,138 INFO     ___FILE_ONLY___ us-west1-a
2018-06-02 20:54:54,138 INFO     ___FILE_ONLY___   
2018-06-02 20:54:54,138 INFO     ___FILE_ONLY___ f1-micro
2018-06-02 20:54:54,139 INFO     ___FILE_ONLY___                    
2018-06-02 20:54:54,139 INFO     ___FILE_ONLY___ 10.138.0.13
2018-06-02 20:54:54,139 INFO     ___FILE_ONLY___                   
2018-06-02 20:54:54,139 INFO     ___FILE_ONLY___ TERMINATED
2018-06-02 20:54:54,139 INFO     ___FILE_ONLY___ 

2018-06-02 20:54:54,139 INFO     ___FILE_ONLY___ rpmbuild-server
2018-06-02 20:54:54,139 INFO     ___FILE_ONLY___   
2018-06-02 20:54:54,140 INFO     ___FILE_ONLY___ us-west1-a
2018-06-02 20:54:54,140 INFO     ___FILE_ONLY___   
2018-06-02 20:54:54,140 INFO     ___FILE_ONLY___ f1-micro
2018-06-02 20:54:54,140 INFO     ___FILE_ONLY___                    
2018-06-02 20:54:54,140 INFO     ___FILE_ONLY___ 10.138.0.4
2018-06-02 20:54:54,140 INFO     ___FILE_ONLY___    
2018-06-02 20:54:54,140 INFO     ___FILE_ONLY___ 35.203.141.253
2018-06-02 20:54:54,140 INFO     ___FILE_ONLY___   
2018-06-02 20:54:54,141 INFO     ___FILE_ONLY___ RUNNING
2018-06-02 20:54:54,141 INFO     ___FILE_ONLY___ 

2018-06-02 20:54:54,141 INFO     ___FILE_ONLY___ rsyslog
2018-06-02 20:54:54,141 INFO     ___FILE_ONLY___           
2018-06-02 20:54:54,141 INFO     ___FILE_ONLY___ us-west1-a
2018-06-02 20:54:54,141 INFO     ___FILE_ONLY___   
2018-06-02 20:54:54,141 INFO     ___FILE_ONLY___ f1-micro
2018-06-02 20:54:54,141 INFO     ___FILE_ONLY___                    
2018-06-02 20:54:54,142 INFO     ___FILE_ONLY___ 10.138.0.3
2018-06-02 20:54:54,142 INFO     ___FILE_ONLY___                    
2018-06-02 20:54:54,142 INFO     ___FILE_ONLY___ TERMINATED
2018-06-02 20:54:54,142 INFO     ___FILE_ONLY___ 

2018-06-02 20:54:54,143 DEBUG    root            SDK update checks are disabled.
