2018-06-02 20:55:01,708 DEBUG    root            Loaded Command Group: [u'gcloud', u'compute', u'instances']
2018-06-02 20:55:01,716 DEBUG    root            Loaded Command Group: [u'gcloud', u'compute', u'instances', u'list']
2018-06-02 20:55:01,720 DEBUG    root            Running [gcloud.compute.instances.list] with arguments: []
2018-06-02 20:55:02,017 INFO     root            Display format: "    table(
      name,
      zone.basename(),
      machineType.machine_type().basename(),
      scheduling.preemptible.yesno(yes=true, no=''),
      networkInterfaces[].networkIP.notnull().list():label=INTERNAL_IP,
      networkInterfaces[].accessConfigs[0].natIP.notnull().list()      :label=EXTERNAL_IP,
      status
    )"
2018-06-02 20:55:02,625 INFO     root            cache collection=compute.instances api_version=v1 params=[u'project', u'zone', u'instance']
2018-06-02 20:55:02,628 INFO     ___FILE_ONLY___ NAME
2018-06-02 20:55:02,628 INFO     ___FILE_ONLY___              
2018-06-02 20:55:02,628 INFO     ___FILE_ONLY___ ZONE
2018-06-02 20:55:02,629 INFO     ___FILE_ONLY___         
2018-06-02 20:55:02,629 INFO     ___FILE_ONLY___ MACHINE_TYPE
2018-06-02 20:55:02,629 INFO     ___FILE_ONLY___   
2018-06-02 20:55:02,629 INFO     ___FILE_ONLY___ PREEMPTIBLE
2018-06-02 20:55:02,629 INFO     ___FILE_ONLY___   
2018-06-02 20:55:02,629 INFO     ___FILE_ONLY___ INTERNAL_IP
2018-06-02 20:55:02,629 INFO     ___FILE_ONLY___   
2018-06-02 20:55:02,629 INFO     ___FILE_ONLY___ EXTERNAL_IP
2018-06-02 20:55:02,630 INFO     ___FILE_ONLY___      
2018-06-02 20:55:02,630 INFO     ___FILE_ONLY___ STATUS
2018-06-02 20:55:02,630 INFO     ___FILE_ONLY___ 

2018-06-02 20:55:02,630 INFO     ___FILE_ONLY___ cacti-server
2018-06-02 20:55:02,630 INFO     ___FILE_ONLY___      
2018-06-02 20:55:02,630 INFO     ___FILE_ONLY___ us-west1-a
2018-06-02 20:55:02,630 INFO     ___FILE_ONLY___   
2018-06-02 20:55:02,630 INFO     ___FILE_ONLY___ f1-micro
2018-06-02 20:55:02,631 INFO     ___FILE_ONLY___                    
2018-06-02 20:55:02,631 INFO     ___FILE_ONLY___ 10.138.0.14
2018-06-02 20:55:02,631 INFO     ___FILE_ONLY___                   
2018-06-02 20:55:02,631 INFO     ___FILE_ONLY___ TERMINATED
2018-06-02 20:55:02,631 INFO     ___FILE_ONLY___ 

2018-06-02 20:55:02,631 INFO     ___FILE_ONLY___ django-a
2018-06-02 20:55:02,631 INFO     ___FILE_ONLY___          
2018-06-02 20:55:02,631 INFO     ___FILE_ONLY___ us-west1-a
2018-06-02 20:55:02,632 INFO     ___FILE_ONLY___   
2018-06-02 20:55:02,632 INFO     ___FILE_ONLY___ f1-micro
2018-06-02 20:55:02,632 INFO     ___FILE_ONLY___                    
2018-06-02 20:55:02,632 INFO     ___FILE_ONLY___ 10.138.0.11
2018-06-02 20:55:02,632 INFO     ___FILE_ONLY___                   
2018-06-02 20:55:02,632 INFO     ___FILE_ONLY___ TERMINATED
2018-06-02 20:55:02,632 INFO     ___FILE_ONLY___ 

2018-06-02 20:55:02,633 INFO     ___FILE_ONLY___ gcloud1
2018-06-02 20:55:02,633 INFO     ___FILE_ONLY___           
2018-06-02 20:55:02,633 INFO     ___FILE_ONLY___ us-west1-a
2018-06-02 20:55:02,633 INFO     ___FILE_ONLY___   
2018-06-02 20:55:02,633 INFO     ___FILE_ONLY___ f1-micro
2018-06-02 20:55:02,633 INFO     ___FILE_ONLY___                    
2018-06-02 20:55:02,633 INFO     ___FILE_ONLY___ 10.138.0.2
2018-06-02 20:55:02,633 INFO     ___FILE_ONLY___                    
2018-06-02 20:55:02,634 INFO     ___FILE_ONLY___ TERMINATED
2018-06-02 20:55:02,634 INFO     ___FILE_ONLY___ 

2018-06-02 20:55:02,634 INFO     ___FILE_ONLY___ ldap
2018-06-02 20:55:02,634 INFO     ___FILE_ONLY___              
2018-06-02 20:55:02,634 INFO     ___FILE_ONLY___ us-west1-a
2018-06-02 20:55:02,634 INFO     ___FILE_ONLY___   
2018-06-02 20:55:02,634 INFO     ___FILE_ONLY___ f1-micro
2018-06-02 20:55:02,634 INFO     ___FILE_ONLY___                    
2018-06-02 20:55:02,634 INFO     ___FILE_ONLY___ 10.138.0.5
2018-06-02 20:55:02,635 INFO     ___FILE_ONLY___                    
2018-06-02 20:55:02,635 INFO     ___FILE_ONLY___ TERMINATED
2018-06-02 20:55:02,635 INFO     ___FILE_ONLY___ 

2018-06-02 20:55:02,635 INFO     ___FILE_ONLY___ ldap-server
2018-06-02 20:55:02,635 INFO     ___FILE_ONLY___       
2018-06-02 20:55:02,635 INFO     ___FILE_ONLY___ us-west1-a
2018-06-02 20:55:02,635 INFO     ___FILE_ONLY___   
2018-06-02 20:55:02,636 INFO     ___FILE_ONLY___ f1-micro
2018-06-02 20:55:02,636 INFO     ___FILE_ONLY___                    
2018-06-02 20:55:02,636 INFO     ___FILE_ONLY___ 10.138.0.7
2018-06-02 20:55:02,636 INFO     ___FILE_ONLY___                    
2018-06-02 20:55:02,636 INFO     ___FILE_ONLY___ TERMINATED
2018-06-02 20:55:02,636 INFO     ___FILE_ONLY___ 

2018-06-02 20:55:02,636 INFO     ___FILE_ONLY___ nagios-server
2018-06-02 20:55:02,636 INFO     ___FILE_ONLY___     
2018-06-02 20:55:02,637 INFO     ___FILE_ONLY___ us-west1-a
2018-06-02 20:55:02,637 INFO     ___FILE_ONLY___   
2018-06-02 20:55:02,637 INFO     ___FILE_ONLY___ f1-micro
2018-06-02 20:55:02,637 INFO     ___FILE_ONLY___                    
2018-06-02 20:55:02,637 INFO     ___FILE_ONLY___ 10.138.0.12
2018-06-02 20:55:02,637 INFO     ___FILE_ONLY___                   
2018-06-02 20:55:02,637 INFO     ___FILE_ONLY___ TERMINATED
2018-06-02 20:55:02,637 INFO     ___FILE_ONLY___ 

2018-06-02 20:55:02,638 INFO     ___FILE_ONLY___ nagios1
2018-06-02 20:55:02,638 INFO     ___FILE_ONLY___           
2018-06-02 20:55:02,638 INFO     ___FILE_ONLY___ us-west1-a
2018-06-02 20:55:02,638 INFO     ___FILE_ONLY___   
2018-06-02 20:55:02,638 INFO     ___FILE_ONLY___ f1-micro
2018-06-02 20:55:02,638 INFO     ___FILE_ONLY___                    
2018-06-02 20:55:02,638 INFO     ___FILE_ONLY___ 10.138.0.6
2018-06-02 20:55:02,638 INFO     ___FILE_ONLY___    
2018-06-02 20:55:02,639 INFO     ___FILE_ONLY___ 35.233.249.225
2018-06-02 20:55:02,639 INFO     ___FILE_ONLY___   
2018-06-02 20:55:02,639 INFO     ___FILE_ONLY___ RUNNING
2018-06-02 20:55:02,639 INFO     ___FILE_ONLY___ 

2018-06-02 20:55:02,639 INFO     ___FILE_ONLY___ nfs
2018-06-02 20:55:02,639 INFO     ___FILE_ONLY___               
2018-06-02 20:55:02,639 INFO     ___FILE_ONLY___ us-west1-a
2018-06-02 20:55:02,639 INFO     ___FILE_ONLY___   
2018-06-02 20:55:02,639 INFO     ___FILE_ONLY___ f1-micro
2018-06-02 20:55:02,640 INFO     ___FILE_ONLY___                    
2018-06-02 20:55:02,640 INFO     ___FILE_ONLY___ 10.138.0.8
2018-06-02 20:55:02,640 INFO     ___FILE_ONLY___                    
2018-06-02 20:55:02,640 INFO     ___FILE_ONLY___ TERMINATED
2018-06-02 20:55:02,640 INFO     ___FILE_ONLY___ 

2018-06-02 20:55:02,640 INFO     ___FILE_ONLY___ postgres
2018-06-02 20:55:02,640 INFO     ___FILE_ONLY___          
2018-06-02 20:55:02,640 INFO     ___FILE_ONLY___ us-west1-a
2018-06-02 20:55:02,641 INFO     ___FILE_ONLY___   
2018-06-02 20:55:02,641 INFO     ___FILE_ONLY___ f1-micro
2018-06-02 20:55:02,641 INFO     ___FILE_ONLY___                    
2018-06-02 20:55:02,641 INFO     ___FILE_ONLY___ 10.138.0.9
2018-06-02 20:55:02,641 INFO     ___FILE_ONLY___                    
2018-06-02 20:55:02,641 INFO     ___FILE_ONLY___ TERMINATED
2018-06-02 20:55:02,641 INFO     ___FILE_ONLY___ 

2018-06-02 20:55:02,641 INFO     ___FILE_ONLY___ rpm-3
2018-06-02 20:55:02,642 INFO     ___FILE_ONLY___             
2018-06-02 20:55:02,642 INFO     ___FILE_ONLY___ us-west1-a
2018-06-02 20:55:02,642 INFO     ___FILE_ONLY___   
2018-06-02 20:55:02,642 INFO     ___FILE_ONLY___ f1-micro
2018-06-02 20:55:02,642 INFO     ___FILE_ONLY___                    
2018-06-02 20:55:02,642 INFO     ___FILE_ONLY___ 10.138.0.10
2018-06-02 20:55:02,642 INFO     ___FILE_ONLY___                   
2018-06-02 20:55:02,642 INFO     ___FILE_ONLY___ TERMINATED
2018-06-02 20:55:02,643 INFO     ___FILE_ONLY___ 

2018-06-02 20:55:02,643 INFO     ___FILE_ONLY___ rpm-server
2018-06-02 20:55:02,643 INFO     ___FILE_ONLY___        
2018-06-02 20:55:02,643 INFO     ___FILE_ONLY___ us-west1-a
2018-06-02 20:55:02,643 INFO     ___FILE_ONLY___   
2018-06-02 20:55:02,643 INFO     ___FILE_ONLY___ f1-micro
2018-06-02 20:55:02,643 INFO     ___FILE_ONLY___                    
2018-06-02 20:55:02,643 INFO     ___FILE_ONLY___ 10.138.0.13
2018-06-02 20:55:02,644 INFO     ___FILE_ONLY___                   
2018-06-02 20:55:02,644 INFO     ___FILE_ONLY___ TERMINATED
2018-06-02 20:55:02,644 INFO     ___FILE_ONLY___ 

2018-06-02 20:55:02,644 INFO     ___FILE_ONLY___ rpmbuild-server
2018-06-02 20:55:02,644 INFO     ___FILE_ONLY___   
2018-06-02 20:55:02,644 INFO     ___FILE_ONLY___ us-west1-a
2018-06-02 20:55:02,644 INFO     ___FILE_ONLY___   
2018-06-02 20:55:02,645 INFO     ___FILE_ONLY___ f1-micro
2018-06-02 20:55:02,645 INFO     ___FILE_ONLY___                    
2018-06-02 20:55:02,645 INFO     ___FILE_ONLY___ 10.138.0.4
2018-06-02 20:55:02,645 INFO     ___FILE_ONLY___    
2018-06-02 20:55:02,645 INFO     ___FILE_ONLY___ 35.203.141.253
2018-06-02 20:55:02,645 INFO     ___FILE_ONLY___   
2018-06-02 20:55:02,645 INFO     ___FILE_ONLY___ RUNNING
2018-06-02 20:55:02,645 INFO     ___FILE_ONLY___ 

2018-06-02 20:55:02,646 INFO     ___FILE_ONLY___ rsyslog
2018-06-02 20:55:02,646 INFO     ___FILE_ONLY___           
2018-06-02 20:55:02,646 INFO     ___FILE_ONLY___ us-west1-a
2018-06-02 20:55:02,646 INFO     ___FILE_ONLY___   
2018-06-02 20:55:02,646 INFO     ___FILE_ONLY___ f1-micro
2018-06-02 20:55:02,646 INFO     ___FILE_ONLY___                    
2018-06-02 20:55:02,646 INFO     ___FILE_ONLY___ 10.138.0.3
2018-06-02 20:55:02,646 INFO     ___FILE_ONLY___                    
2018-06-02 20:55:02,647 INFO     ___FILE_ONLY___ TERMINATED
2018-06-02 20:55:02,647 INFO     ___FILE_ONLY___ 

2018-06-02 20:55:02,648 DEBUG    root            SDK update checks are disabled.
