2018-06-02 20:55:04,419 DEBUG    root            Loaded Command Group: [u'gcloud', u'compute', u'instances']
2018-06-02 20:55:04,427 DEBUG    root            Loaded Command Group: [u'gcloud', u'compute', u'instances', u'list']
2018-06-02 20:55:04,431 DEBUG    root            Running [gcloud.compute.instances.list] with arguments: []
2018-06-02 20:55:04,773 INFO     root            Display format: "    table(
      name,
      zone.basename(),
      machineType.machine_type().basename(),
      scheduling.preemptible.yesno(yes=true, no=''),
      networkInterfaces[].networkIP.notnull().list():label=INTERNAL_IP,
      networkInterfaces[].accessConfigs[0].natIP.notnull().list()      :label=EXTERNAL_IP,
      status
    )"
2018-06-02 20:55:05,331 INFO     root            cache collection=compute.instances api_version=v1 params=[u'project', u'zone', u'instance']
2018-06-02 20:55:05,334 INFO     ___FILE_ONLY___ NAME
2018-06-02 20:55:05,334 INFO     ___FILE_ONLY___              
2018-06-02 20:55:05,334 INFO     ___FILE_ONLY___ ZONE
2018-06-02 20:55:05,334 INFO     ___FILE_ONLY___         
2018-06-02 20:55:05,334 INFO     ___FILE_ONLY___ MACHINE_TYPE
2018-06-02 20:55:05,334 INFO     ___FILE_ONLY___   
2018-06-02 20:55:05,335 INFO     ___FILE_ONLY___ PREEMPTIBLE
2018-06-02 20:55:05,335 INFO     ___FILE_ONLY___   
2018-06-02 20:55:05,335 INFO     ___FILE_ONLY___ INTERNAL_IP
2018-06-02 20:55:05,335 INFO     ___FILE_ONLY___   
2018-06-02 20:55:05,335 INFO     ___FILE_ONLY___ EXTERNAL_IP
2018-06-02 20:55:05,335 INFO     ___FILE_ONLY___      
2018-06-02 20:55:05,335 INFO     ___FILE_ONLY___ STATUS
2018-06-02 20:55:05,335 INFO     ___FILE_ONLY___ 

2018-06-02 20:55:05,336 INFO     ___FILE_ONLY___ cacti-server
2018-06-02 20:55:05,336 INFO     ___FILE_ONLY___      
2018-06-02 20:55:05,336 INFO     ___FILE_ONLY___ us-west1-a
2018-06-02 20:55:05,371 INFO     ___FILE_ONLY___   
2018-06-02 20:55:05,371 INFO     ___FILE_ONLY___ f1-micro
2018-06-02 20:55:05,371 INFO     ___FILE_ONLY___                    
2018-06-02 20:55:05,371 INFO     ___FILE_ONLY___ 10.138.0.14
2018-06-02 20:55:05,372 INFO     ___FILE_ONLY___                   
2018-06-02 20:55:05,372 INFO     ___FILE_ONLY___ TERMINATED
2018-06-02 20:55:05,372 INFO     ___FILE_ONLY___ 

2018-06-02 20:55:05,372 INFO     ___FILE_ONLY___ django-a
2018-06-02 20:55:05,372 INFO     ___FILE_ONLY___          
2018-06-02 20:55:05,372 INFO     ___FILE_ONLY___ us-west1-a
2018-06-02 20:55:05,372 INFO     ___FILE_ONLY___   
2018-06-02 20:55:05,373 INFO     ___FILE_ONLY___ f1-micro
2018-06-02 20:55:05,373 INFO     ___FILE_ONLY___                    
2018-06-02 20:55:05,373 INFO     ___FILE_ONLY___ 10.138.0.11
2018-06-02 20:55:05,373 INFO     ___FILE_ONLY___                   
2018-06-02 20:55:05,373 INFO     ___FILE_ONLY___ TERMINATED
2018-06-02 20:55:05,373 INFO     ___FILE_ONLY___ 

2018-06-02 20:55:05,373 INFO     ___FILE_ONLY___ gcloud1
2018-06-02 20:55:05,374 INFO     ___FILE_ONLY___           
2018-06-02 20:55:05,374 INFO     ___FILE_ONLY___ us-west1-a
2018-06-02 20:55:05,374 INFO     ___FILE_ONLY___   
2018-06-02 20:55:05,374 INFO     ___FILE_ONLY___ f1-micro
2018-06-02 20:55:05,374 INFO     ___FILE_ONLY___                    
2018-06-02 20:55:05,374 INFO     ___FILE_ONLY___ 10.138.0.2
2018-06-02 20:55:05,374 INFO     ___FILE_ONLY___                    
2018-06-02 20:55:05,374 INFO     ___FILE_ONLY___ TERMINATED
2018-06-02 20:55:05,375 INFO     ___FILE_ONLY___ 

2018-06-02 20:55:05,375 INFO     ___FILE_ONLY___ ldap
2018-06-02 20:55:05,375 INFO     ___FILE_ONLY___              
2018-06-02 20:55:05,375 INFO     ___FILE_ONLY___ us-west1-a
2018-06-02 20:55:05,375 INFO     ___FILE_ONLY___   
2018-06-02 20:55:05,375 INFO     ___FILE_ONLY___ f1-micro
2018-06-02 20:55:05,375 INFO     ___FILE_ONLY___                    
2018-06-02 20:55:05,375 INFO     ___FILE_ONLY___ 10.138.0.5
2018-06-02 20:55:05,376 INFO     ___FILE_ONLY___                    
2018-06-02 20:55:05,376 INFO     ___FILE_ONLY___ TERMINATED
2018-06-02 20:55:05,376 INFO     ___FILE_ONLY___ 

2018-06-02 20:55:05,376 INFO     ___FILE_ONLY___ ldap-server
2018-06-02 20:55:05,376 INFO     ___FILE_ONLY___       
2018-06-02 20:55:05,376 INFO     ___FILE_ONLY___ us-west1-a
2018-06-02 20:55:05,376 INFO     ___FILE_ONLY___   
2018-06-02 20:55:05,377 INFO     ___FILE_ONLY___ f1-micro
2018-06-02 20:55:05,377 INFO     ___FILE_ONLY___                    
2018-06-02 20:55:05,377 INFO     ___FILE_ONLY___ 10.138.0.7
2018-06-02 20:55:05,377 INFO     ___FILE_ONLY___                    
2018-06-02 20:55:05,377 INFO     ___FILE_ONLY___ TERMINATED
2018-06-02 20:55:05,377 INFO     ___FILE_ONLY___ 

2018-06-02 20:55:05,377 INFO     ___FILE_ONLY___ nagios-server
2018-06-02 20:55:05,378 INFO     ___FILE_ONLY___     
2018-06-02 20:55:05,378 INFO     ___FILE_ONLY___ us-west1-a
2018-06-02 20:55:05,378 INFO     ___FILE_ONLY___   
2018-06-02 20:55:05,378 INFO     ___FILE_ONLY___ f1-micro
2018-06-02 20:55:05,378 INFO     ___FILE_ONLY___                    
2018-06-02 20:55:05,378 INFO     ___FILE_ONLY___ 10.138.0.12
2018-06-02 20:55:05,378 INFO     ___FILE_ONLY___                   
2018-06-02 20:55:05,378 INFO     ___FILE_ONLY___ TERMINATED
2018-06-02 20:55:05,379 INFO     ___FILE_ONLY___ 

2018-06-02 20:55:05,379 INFO     ___FILE_ONLY___ nagios1
2018-06-02 20:55:05,379 INFO     ___FILE_ONLY___           
2018-06-02 20:55:05,379 INFO     ___FILE_ONLY___ us-west1-a
2018-06-02 20:55:05,379 INFO     ___FILE_ONLY___   
2018-06-02 20:55:05,379 INFO     ___FILE_ONLY___ f1-micro
2018-06-02 20:55:05,379 INFO     ___FILE_ONLY___                    
2018-06-02 20:55:05,379 INFO     ___FILE_ONLY___ 10.138.0.6
2018-06-02 20:55:05,380 INFO     ___FILE_ONLY___    
2018-06-02 20:55:05,380 INFO     ___FILE_ONLY___ 35.233.249.225
2018-06-02 20:55:05,380 INFO     ___FILE_ONLY___   
2018-06-02 20:55:05,380 INFO     ___FILE_ONLY___ RUNNING
2018-06-02 20:55:05,380 INFO     ___FILE_ONLY___ 

2018-06-02 20:55:05,380 INFO     ___FILE_ONLY___ nfs
2018-06-02 20:55:05,380 INFO     ___FILE_ONLY___               
2018-06-02 20:55:05,380 INFO     ___FILE_ONLY___ us-west1-a
2018-06-02 20:55:05,381 INFO     ___FILE_ONLY___   
2018-06-02 20:55:05,381 INFO     ___FILE_ONLY___ f1-micro
2018-06-02 20:55:05,381 INFO     ___FILE_ONLY___                    
2018-06-02 20:55:05,381 INFO     ___FILE_ONLY___ 10.138.0.8
2018-06-02 20:55:05,381 INFO     ___FILE_ONLY___                    
2018-06-02 20:55:05,381 INFO     ___FILE_ONLY___ TERMINATED
2018-06-02 20:55:05,381 INFO     ___FILE_ONLY___ 

2018-06-02 20:55:05,381 INFO     ___FILE_ONLY___ postgres
2018-06-02 20:55:05,382 INFO     ___FILE_ONLY___          
2018-06-02 20:55:05,382 INFO     ___FILE_ONLY___ us-west1-a
2018-06-02 20:55:05,382 INFO     ___FILE_ONLY___   
2018-06-02 20:55:05,382 INFO     ___FILE_ONLY___ f1-micro
2018-06-02 20:55:05,382 INFO     ___FILE_ONLY___                    
2018-06-02 20:55:05,382 INFO     ___FILE_ONLY___ 10.138.0.9
2018-06-02 20:55:05,382 INFO     ___FILE_ONLY___                    
2018-06-02 20:55:05,383 INFO     ___FILE_ONLY___ TERMINATED
2018-06-02 20:55:05,383 INFO     ___FILE_ONLY___ 

2018-06-02 20:55:05,383 INFO     ___FILE_ONLY___ rpm-3
2018-06-02 20:55:05,383 INFO     ___FILE_ONLY___             
2018-06-02 20:55:05,383 INFO     ___FILE_ONLY___ us-west1-a
2018-06-02 20:55:05,383 INFO     ___FILE_ONLY___   
2018-06-02 20:55:05,383 INFO     ___FILE_ONLY___ f1-micro
2018-06-02 20:55:05,383 INFO     ___FILE_ONLY___                    
2018-06-02 20:55:05,384 INFO     ___FILE_ONLY___ 10.138.0.10
2018-06-02 20:55:05,384 INFO     ___FILE_ONLY___                   
2018-06-02 20:55:05,384 INFO     ___FILE_ONLY___ TERMINATED
2018-06-02 20:55:05,384 INFO     ___FILE_ONLY___ 

2018-06-02 20:55:05,384 INFO     ___FILE_ONLY___ rpm-server
2018-06-02 20:55:05,384 INFO     ___FILE_ONLY___        
2018-06-02 20:55:05,384 INFO     ___FILE_ONLY___ us-west1-a
2018-06-02 20:55:05,385 INFO     ___FILE_ONLY___   
2018-06-02 20:55:05,385 INFO     ___FILE_ONLY___ f1-micro
2018-06-02 20:55:05,385 INFO     ___FILE_ONLY___                    
2018-06-02 20:55:05,385 INFO     ___FILE_ONLY___ 10.138.0.13
2018-06-02 20:55:05,385 INFO     ___FILE_ONLY___                   
2018-06-02 20:55:05,385 INFO     ___FILE_ONLY___ TERMINATED
2018-06-02 20:55:05,385 INFO     ___FILE_ONLY___ 

2018-06-02 20:55:05,385 INFO     ___FILE_ONLY___ rpmbuild-server
2018-06-02 20:55:05,386 INFO     ___FILE_ONLY___   
2018-06-02 20:55:05,386 INFO     ___FILE_ONLY___ us-west1-a
2018-06-02 20:55:05,386 INFO     ___FILE_ONLY___   
2018-06-02 20:55:05,386 INFO     ___FILE_ONLY___ f1-micro
2018-06-02 20:55:05,386 INFO     ___FILE_ONLY___                    
2018-06-02 20:55:05,386 INFO     ___FILE_ONLY___ 10.138.0.4
2018-06-02 20:55:05,386 INFO     ___FILE_ONLY___    
2018-06-02 20:55:05,386 INFO     ___FILE_ONLY___ 35.203.141.253
2018-06-02 20:55:05,387 INFO     ___FILE_ONLY___   
2018-06-02 20:55:05,387 INFO     ___FILE_ONLY___ RUNNING
2018-06-02 20:55:05,387 INFO     ___FILE_ONLY___ 

2018-06-02 20:55:05,387 INFO     ___FILE_ONLY___ rsyslog
2018-06-02 20:55:05,387 INFO     ___FILE_ONLY___           
2018-06-02 20:55:05,387 INFO     ___FILE_ONLY___ us-west1-a
2018-06-02 20:55:05,387 INFO     ___FILE_ONLY___   
2018-06-02 20:55:05,387 INFO     ___FILE_ONLY___ f1-micro
2018-06-02 20:55:05,388 INFO     ___FILE_ONLY___                    
2018-06-02 20:55:05,388 INFO     ___FILE_ONLY___ 10.138.0.3
2018-06-02 20:55:05,388 INFO     ___FILE_ONLY___                    
2018-06-02 20:55:05,388 INFO     ___FILE_ONLY___ TERMINATED
2018-06-02 20:55:05,388 INFO     ___FILE_ONLY___ 

2018-06-02 20:55:05,389 DEBUG    root            SDK update checks are disabled.
