2018-06-02 21:47:36,499 DEBUG    root            Loaded Command Group: [u'gcloud', u'compute', u'instances']
2018-06-02 21:47:36,507 DEBUG    root            Loaded Command Group: [u'gcloud', u'compute', u'instances', u'list']
2018-06-02 21:47:36,510 DEBUG    root            Running [gcloud.compute.instances.list] with arguments: []
2018-06-02 21:47:36,806 INFO     root            Display format: "    table(
      name,
      zone.basename(),
      machineType.machine_type().basename(),
      scheduling.preemptible.yesno(yes=true, no=''),
      networkInterfaces[].networkIP.notnull().list():label=INTERNAL_IP,
      networkInterfaces[].accessConfigs[0].natIP.notnull().list()      :label=EXTERNAL_IP,
      status
    )"
2018-06-02 21:47:37,228 INFO     root            cache collection=compute.instances api_version=v1 params=[u'project', u'zone', u'instance']
2018-06-02 21:47:37,231 INFO     ___FILE_ONLY___ NAME
2018-06-02 21:47:37,231 INFO     ___FILE_ONLY___              
2018-06-02 21:47:37,231 INFO     ___FILE_ONLY___ ZONE
2018-06-02 21:47:37,231 INFO     ___FILE_ONLY___         
2018-06-02 21:47:37,231 INFO     ___FILE_ONLY___ MACHINE_TYPE
2018-06-02 21:47:37,232 INFO     ___FILE_ONLY___   
2018-06-02 21:47:37,232 INFO     ___FILE_ONLY___ PREEMPTIBLE
2018-06-02 21:47:37,232 INFO     ___FILE_ONLY___   
2018-06-02 21:47:37,232 INFO     ___FILE_ONLY___ INTERNAL_IP
2018-06-02 21:47:37,232 INFO     ___FILE_ONLY___   
2018-06-02 21:47:37,232 INFO     ___FILE_ONLY___ EXTERNAL_IP
2018-06-02 21:47:37,232 INFO     ___FILE_ONLY___      
2018-06-02 21:47:37,233 INFO     ___FILE_ONLY___ STATUS
2018-06-02 21:47:37,233 INFO     ___FILE_ONLY___ 

2018-06-02 21:47:37,233 INFO     ___FILE_ONLY___ cacti-server
2018-06-02 21:47:37,233 INFO     ___FILE_ONLY___      
2018-06-02 21:47:37,233 INFO     ___FILE_ONLY___ us-west1-a
2018-06-02 21:47:37,233 INFO     ___FILE_ONLY___   
2018-06-02 21:47:37,233 INFO     ___FILE_ONLY___ f1-micro
2018-06-02 21:47:37,234 INFO     ___FILE_ONLY___                    
2018-06-02 21:47:37,234 INFO     ___FILE_ONLY___ 10.138.0.14
2018-06-02 21:47:37,234 INFO     ___FILE_ONLY___   
2018-06-02 21:47:37,234 INFO     ___FILE_ONLY___ 35.230.93.117
2018-06-02 21:47:37,234 INFO     ___FILE_ONLY___    
2018-06-02 21:47:37,234 INFO     ___FILE_ONLY___ RUNNING
2018-06-02 21:47:37,234 INFO     ___FILE_ONLY___ 

2018-06-02 21:47:37,234 INFO     ___FILE_ONLY___ django-a
2018-06-02 21:47:37,235 INFO     ___FILE_ONLY___          
2018-06-02 21:47:37,235 INFO     ___FILE_ONLY___ us-west1-a
2018-06-02 21:47:37,235 INFO     ___FILE_ONLY___   
2018-06-02 21:47:37,235 INFO     ___FILE_ONLY___ f1-micro
2018-06-02 21:47:37,235 INFO     ___FILE_ONLY___                    
2018-06-02 21:47:37,235 INFO     ___FILE_ONLY___ 10.138.0.11
2018-06-02 21:47:37,235 INFO     ___FILE_ONLY___   
2018-06-02 21:47:37,235 INFO     ___FILE_ONLY___ 35.233.210.90
2018-06-02 21:47:37,236 INFO     ___FILE_ONLY___    
2018-06-02 21:47:37,236 INFO     ___FILE_ONLY___ RUNNING
2018-06-02 21:47:37,236 INFO     ___FILE_ONLY___ 

2018-06-02 21:47:37,236 INFO     ___FILE_ONLY___ gcloud1
2018-06-02 21:47:37,236 INFO     ___FILE_ONLY___           
2018-06-02 21:47:37,236 INFO     ___FILE_ONLY___ us-west1-a
2018-06-02 21:47:37,236 INFO     ___FILE_ONLY___   
2018-06-02 21:47:37,237 INFO     ___FILE_ONLY___ f1-micro
2018-06-02 21:47:37,237 INFO     ___FILE_ONLY___                    
2018-06-02 21:47:37,237 INFO     ___FILE_ONLY___ 10.138.0.2
2018-06-02 21:47:37,237 INFO     ___FILE_ONLY___                    
2018-06-02 21:47:37,237 INFO     ___FILE_ONLY___ TERMINATED
2018-06-02 21:47:37,237 INFO     ___FILE_ONLY___ 

2018-06-02 21:47:37,237 INFO     ___FILE_ONLY___ ldap
2018-06-02 21:47:37,238 INFO     ___FILE_ONLY___              
2018-06-02 21:47:37,238 INFO     ___FILE_ONLY___ us-west1-a
2018-06-02 21:47:37,238 INFO     ___FILE_ONLY___   
2018-06-02 21:47:37,238 INFO     ___FILE_ONLY___ f1-micro
2018-06-02 21:47:37,238 INFO     ___FILE_ONLY___                    
2018-06-02 21:47:37,238 INFO     ___FILE_ONLY___ 10.138.0.5
2018-06-02 21:47:37,238 INFO     ___FILE_ONLY___                    
2018-06-02 21:47:37,239 INFO     ___FILE_ONLY___ TERMINATED
2018-06-02 21:47:37,239 INFO     ___FILE_ONLY___ 

2018-06-02 21:47:37,239 INFO     ___FILE_ONLY___ ldap-server
2018-06-02 21:47:37,239 INFO     ___FILE_ONLY___       
2018-06-02 21:47:37,239 INFO     ___FILE_ONLY___ us-west1-a
2018-06-02 21:47:37,239 INFO     ___FILE_ONLY___   
2018-06-02 21:47:37,239 INFO     ___FILE_ONLY___ f1-micro
2018-06-02 21:47:37,239 INFO     ___FILE_ONLY___                    
2018-06-02 21:47:37,240 INFO     ___FILE_ONLY___ 10.138.0.7
2018-06-02 21:47:37,240 INFO     ___FILE_ONLY___    
2018-06-02 21:47:37,240 INFO     ___FILE_ONLY___ 35.197.66.103
2018-06-02 21:47:37,240 INFO     ___FILE_ONLY___    
2018-06-02 21:47:37,240 INFO     ___FILE_ONLY___ RUNNING
2018-06-02 21:47:37,240 INFO     ___FILE_ONLY___ 

2018-06-02 21:47:37,240 INFO     ___FILE_ONLY___ nagios-server
2018-06-02 21:47:37,241 INFO     ___FILE_ONLY___     
2018-06-02 21:47:37,241 INFO     ___FILE_ONLY___ us-west1-a
2018-06-02 21:47:37,241 INFO     ___FILE_ONLY___   
2018-06-02 21:47:37,241 INFO     ___FILE_ONLY___ f1-micro
2018-06-02 21:47:37,241 INFO     ___FILE_ONLY___                    
2018-06-02 21:47:37,241 INFO     ___FILE_ONLY___ 10.138.0.12
2018-06-02 21:47:37,241 INFO     ___FILE_ONLY___   
2018-06-02 21:47:37,241 INFO     ___FILE_ONLY___ 35.230.33.182
2018-06-02 21:47:37,242 INFO     ___FILE_ONLY___    
2018-06-02 21:47:37,242 INFO     ___FILE_ONLY___ RUNNING
2018-06-02 21:47:37,242 INFO     ___FILE_ONLY___ 

2018-06-02 21:47:37,242 INFO     ___FILE_ONLY___ nagios1
2018-06-02 21:47:37,242 INFO     ___FILE_ONLY___           
2018-06-02 21:47:37,242 INFO     ___FILE_ONLY___ us-west1-a
2018-06-02 21:47:37,242 INFO     ___FILE_ONLY___   
2018-06-02 21:47:37,242 INFO     ___FILE_ONLY___ f1-micro
2018-06-02 21:47:37,243 INFO     ___FILE_ONLY___                    
2018-06-02 21:47:37,243 INFO     ___FILE_ONLY___ 10.138.0.6
2018-06-02 21:47:37,243 INFO     ___FILE_ONLY___    
2018-06-02 21:47:37,243 INFO     ___FILE_ONLY___ 35.233.249.225
2018-06-02 21:47:37,243 INFO     ___FILE_ONLY___   
2018-06-02 21:47:37,243 INFO     ___FILE_ONLY___ RUNNING
2018-06-02 21:47:37,243 INFO     ___FILE_ONLY___ 

2018-06-02 21:47:37,243 INFO     ___FILE_ONLY___ nfs
2018-06-02 21:47:37,244 INFO     ___FILE_ONLY___               
2018-06-02 21:47:37,244 INFO     ___FILE_ONLY___ us-west1-a
2018-06-02 21:47:37,244 INFO     ___FILE_ONLY___   
2018-06-02 21:47:37,244 INFO     ___FILE_ONLY___ f1-micro
2018-06-02 21:47:37,244 INFO     ___FILE_ONLY___                    
2018-06-02 21:47:37,244 INFO     ___FILE_ONLY___ 10.138.0.8
2018-06-02 21:47:37,244 INFO     ___FILE_ONLY___                    
2018-06-02 21:47:37,245 INFO     ___FILE_ONLY___ TERMINATED
2018-06-02 21:47:37,245 INFO     ___FILE_ONLY___ 

2018-06-02 21:47:37,245 INFO     ___FILE_ONLY___ postgres
2018-06-02 21:47:37,245 INFO     ___FILE_ONLY___          
2018-06-02 21:47:37,245 INFO     ___FILE_ONLY___ us-west1-a
2018-06-02 21:47:37,245 INFO     ___FILE_ONLY___   
2018-06-02 21:47:37,245 INFO     ___FILE_ONLY___ f1-micro
2018-06-02 21:47:37,245 INFO     ___FILE_ONLY___                    
2018-06-02 21:47:37,246 INFO     ___FILE_ONLY___ 10.138.0.9
2018-06-02 21:47:37,246 INFO     ___FILE_ONLY___    
2018-06-02 21:47:37,246 INFO     ___FILE_ONLY___ 104.196.237.8
2018-06-02 21:47:37,246 INFO     ___FILE_ONLY___    
2018-06-02 21:47:37,246 INFO     ___FILE_ONLY___ RUNNING
2018-06-02 21:47:37,246 INFO     ___FILE_ONLY___ 

2018-06-02 21:47:37,246 INFO     ___FILE_ONLY___ rpm-3
2018-06-02 21:47:37,247 INFO     ___FILE_ONLY___             
2018-06-02 21:47:37,247 INFO     ___FILE_ONLY___ us-west1-a
2018-06-02 21:47:37,247 INFO     ___FILE_ONLY___   
2018-06-02 21:47:37,247 INFO     ___FILE_ONLY___ f1-micro
2018-06-02 21:47:37,247 INFO     ___FILE_ONLY___                    
2018-06-02 21:47:37,247 INFO     ___FILE_ONLY___ 10.138.0.10
2018-06-02 21:47:37,247 INFO     ___FILE_ONLY___                   
2018-06-02 21:47:37,247 INFO     ___FILE_ONLY___ TERMINATED
2018-06-02 21:47:37,248 INFO     ___FILE_ONLY___ 

2018-06-02 21:47:37,248 INFO     ___FILE_ONLY___ rpm-server
2018-06-02 21:47:37,248 INFO     ___FILE_ONLY___        
2018-06-02 21:47:37,248 INFO     ___FILE_ONLY___ us-west1-a
2018-06-02 21:47:37,248 INFO     ___FILE_ONLY___   
2018-06-02 21:47:37,248 INFO     ___FILE_ONLY___ f1-micro
2018-06-02 21:47:37,249 INFO     ___FILE_ONLY___                    
2018-06-02 21:47:37,249 INFO     ___FILE_ONLY___ 10.138.0.13
2018-06-02 21:47:37,249 INFO     ___FILE_ONLY___                   
2018-06-02 21:47:37,249 INFO     ___FILE_ONLY___ TERMINATED
2018-06-02 21:47:37,249 INFO     ___FILE_ONLY___ 

2018-06-02 21:47:37,371 INFO     ___FILE_ONLY___ rpmbuild-server
2018-06-02 21:47:37,371 INFO     ___FILE_ONLY___   
2018-06-02 21:47:37,372 INFO     ___FILE_ONLY___ us-west1-a
2018-06-02 21:47:37,372 INFO     ___FILE_ONLY___   
2018-06-02 21:47:37,372 INFO     ___FILE_ONLY___ f1-micro
2018-06-02 21:47:37,372 INFO     ___FILE_ONLY___                    
2018-06-02 21:47:37,372 INFO     ___FILE_ONLY___ 10.138.0.4
2018-06-02 21:47:37,372 INFO     ___FILE_ONLY___    
2018-06-02 21:47:37,372 INFO     ___FILE_ONLY___ 35.203.141.253
2018-06-02 21:47:37,373 INFO     ___FILE_ONLY___   
2018-06-02 21:47:37,373 INFO     ___FILE_ONLY___ RUNNING
2018-06-02 21:47:37,373 INFO     ___FILE_ONLY___ 

2018-06-02 21:47:37,373 INFO     ___FILE_ONLY___ rsyslog
2018-06-02 21:47:37,373 INFO     ___FILE_ONLY___           
2018-06-02 21:47:37,373 INFO     ___FILE_ONLY___ us-west1-a
2018-06-02 21:47:37,373 INFO     ___FILE_ONLY___   
2018-06-02 21:47:37,373 INFO     ___FILE_ONLY___ f1-micro
2018-06-02 21:47:37,374 INFO     ___FILE_ONLY___                    
2018-06-02 21:47:37,374 INFO     ___FILE_ONLY___ 10.138.0.3
2018-06-02 21:47:37,374 INFO     ___FILE_ONLY___    
2018-06-02 21:47:37,374 INFO     ___FILE_ONLY___ 35.197.88.110
2018-06-02 21:47:37,374 INFO     ___FILE_ONLY___    
2018-06-02 21:47:37,374 INFO     ___FILE_ONLY___ RUNNING
2018-06-02 21:47:37,374 INFO     ___FILE_ONLY___ 

2018-06-02 21:47:37,376 DEBUG    root            SDK update checks are disabled.
