2018-06-01 03:48:43,216 DEBUG    root            Loaded Command Group: [u'gcloud', u'compute', u'instances']
2018-06-01 03:48:43,225 DEBUG    root            Loaded Command Group: [u'gcloud', u'compute', u'instances', u'list']
2018-06-01 03:48:43,229 DEBUG    root            Running [gcloud.compute.instances.list] with arguments: []
2018-06-01 03:48:43,538 INFO     root            Display format: "    table(
      name,
      zone.basename(),
      machineType.machine_type().basename(),
      scheduling.preemptible.yesno(yes=true, no=''),
      networkInterfaces[].networkIP.notnull().list():label=INTERNAL_IP,
      networkInterfaces[].accessConfigs[0].natIP.notnull().list()      :label=EXTERNAL_IP,
      status
    )"
2018-06-01 03:48:43,971 INFO     root            cache collection=compute.instances api_version=v1 params=[u'project', u'zone', u'instance']
2018-06-01 03:48:43,974 INFO     ___FILE_ONLY___ NAME
2018-06-01 03:48:43,974 INFO     ___FILE_ONLY___              
2018-06-01 03:48:43,975 INFO     ___FILE_ONLY___ ZONE
2018-06-01 03:48:43,975 INFO     ___FILE_ONLY___         
2018-06-01 03:48:43,975 INFO     ___FILE_ONLY___ MACHINE_TYPE
2018-06-01 03:48:43,975 INFO     ___FILE_ONLY___   
2018-06-01 03:48:43,975 INFO     ___FILE_ONLY___ PREEMPTIBLE
2018-06-01 03:48:43,975 INFO     ___FILE_ONLY___   
2018-06-01 03:48:43,975 INFO     ___FILE_ONLY___ INTERNAL_IP
2018-06-01 03:48:43,976 INFO     ___FILE_ONLY___   
2018-06-01 03:48:43,976 INFO     ___FILE_ONLY___ EXTERNAL_IP
2018-06-01 03:48:43,976 INFO     ___FILE_ONLY___      
2018-06-01 03:48:43,976 INFO     ___FILE_ONLY___ STATUS
2018-06-01 03:48:43,976 INFO     ___FILE_ONLY___ 

2018-06-01 03:48:43,976 INFO     ___FILE_ONLY___ cacti-server
2018-06-01 03:48:43,976 INFO     ___FILE_ONLY___      
2018-06-01 03:48:43,976 INFO     ___FILE_ONLY___ us-west1-a
2018-06-01 03:48:43,977 INFO     ___FILE_ONLY___   
2018-06-01 03:48:43,977 INFO     ___FILE_ONLY___ f1-micro
2018-06-01 03:48:43,977 INFO     ___FILE_ONLY___                    
2018-06-01 03:48:43,977 INFO     ___FILE_ONLY___ 10.138.0.14
2018-06-01 03:48:43,977 INFO     ___FILE_ONLY___                   
2018-06-01 03:48:43,977 INFO     ___FILE_ONLY___ TERMINATED
2018-06-01 03:48:43,977 INFO     ___FILE_ONLY___ 

2018-06-01 03:48:43,978 INFO     ___FILE_ONLY___ django-a
2018-06-01 03:48:43,978 INFO     ___FILE_ONLY___          
2018-06-01 03:48:43,978 INFO     ___FILE_ONLY___ us-west1-a
2018-06-01 03:48:43,978 INFO     ___FILE_ONLY___   
2018-06-01 03:48:43,978 INFO     ___FILE_ONLY___ f1-micro
2018-06-01 03:48:43,978 INFO     ___FILE_ONLY___                    
2018-06-01 03:48:43,978 INFO     ___FILE_ONLY___ 10.138.0.11
2018-06-01 03:48:44,121 INFO     ___FILE_ONLY___                   
2018-06-01 03:48:44,121 INFO     ___FILE_ONLY___ TERMINATED
2018-06-01 03:48:44,122 INFO     ___FILE_ONLY___ 

2018-06-01 03:48:44,122 INFO     ___FILE_ONLY___ gcloud1
2018-06-01 03:48:44,122 INFO     ___FILE_ONLY___           
2018-06-01 03:48:44,122 INFO     ___FILE_ONLY___ us-west1-a
2018-06-01 03:48:44,122 INFO     ___FILE_ONLY___   
2018-06-01 03:48:44,123 INFO     ___FILE_ONLY___ f1-micro
2018-06-01 03:48:44,123 INFO     ___FILE_ONLY___                    
2018-06-01 03:48:44,123 INFO     ___FILE_ONLY___ 10.138.0.2
2018-06-01 03:48:44,123 INFO     ___FILE_ONLY___    
2018-06-01 03:48:44,123 INFO     ___FILE_ONLY___ 35.230.93.117
2018-06-01 03:48:44,123 INFO     ___FILE_ONLY___    
2018-06-01 03:48:44,124 INFO     ___FILE_ONLY___ RUNNING
2018-06-01 03:48:44,124 INFO     ___FILE_ONLY___ 

2018-06-01 03:48:44,124 INFO     ___FILE_ONLY___ ldap
2018-06-01 03:48:44,124 INFO     ___FILE_ONLY___              
2018-06-01 03:48:44,125 INFO     ___FILE_ONLY___ us-west1-a
2018-06-01 03:48:44,125 INFO     ___FILE_ONLY___   
2018-06-01 03:48:44,125 INFO     ___FILE_ONLY___ f1-micro
2018-06-01 03:48:44,125 INFO     ___FILE_ONLY___                    
2018-06-01 03:48:44,126 INFO     ___FILE_ONLY___ 10.138.0.5
2018-06-01 03:48:44,126 INFO     ___FILE_ONLY___                    
2018-06-01 03:48:44,126 INFO     ___FILE_ONLY___ TERMINATED
2018-06-01 03:48:44,126 INFO     ___FILE_ONLY___ 

2018-06-01 03:48:44,127 INFO     ___FILE_ONLY___ ldap-server
2018-06-01 03:48:44,127 INFO     ___FILE_ONLY___       
2018-06-01 03:48:44,127 INFO     ___FILE_ONLY___ us-west1-a
2018-06-01 03:48:44,127 INFO     ___FILE_ONLY___   
2018-06-01 03:48:44,128 INFO     ___FILE_ONLY___ f1-micro
2018-06-01 03:48:44,128 INFO     ___FILE_ONLY___                    
2018-06-01 03:48:44,128 INFO     ___FILE_ONLY___ 10.138.0.7
2018-06-01 03:48:44,128 INFO     ___FILE_ONLY___                    
2018-06-01 03:48:44,129 INFO     ___FILE_ONLY___ TERMINATED
2018-06-01 03:48:44,129 INFO     ___FILE_ONLY___ 

2018-06-01 03:48:44,129 INFO     ___FILE_ONLY___ nagios-server
2018-06-01 03:48:44,129 INFO     ___FILE_ONLY___     
2018-06-01 03:48:44,129 INFO     ___FILE_ONLY___ us-west1-a
2018-06-01 03:48:44,129 INFO     ___FILE_ONLY___   
2018-06-01 03:48:44,130 INFO     ___FILE_ONLY___ f1-micro
2018-06-01 03:48:44,130 INFO     ___FILE_ONLY___                    
2018-06-01 03:48:44,130 INFO     ___FILE_ONLY___ 10.138.0.12
2018-06-01 03:48:44,130 INFO     ___FILE_ONLY___   
2018-06-01 03:48:44,130 INFO     ___FILE_ONLY___ 35.230.33.182
2018-06-01 03:48:44,130 INFO     ___FILE_ONLY___    
2018-06-01 03:48:44,130 INFO     ___FILE_ONLY___ RUNNING
2018-06-01 03:48:44,131 INFO     ___FILE_ONLY___ 

2018-06-01 03:48:44,131 INFO     ___FILE_ONLY___ nagios1
2018-06-01 03:48:44,131 INFO     ___FILE_ONLY___           
2018-06-01 03:48:44,131 INFO     ___FILE_ONLY___ us-west1-a
2018-06-01 03:48:44,132 INFO     ___FILE_ONLY___   
2018-06-01 03:48:44,132 INFO     ___FILE_ONLY___ f1-micro
2018-06-01 03:48:44,132 INFO     ___FILE_ONLY___                    
2018-06-01 03:48:44,132 INFO     ___FILE_ONLY___ 10.138.0.6
2018-06-01 03:48:44,133 INFO     ___FILE_ONLY___    
2018-06-01 03:48:44,133 INFO     ___FILE_ONLY___ 35.233.249.225
2018-06-01 03:48:44,133 INFO     ___FILE_ONLY___   
2018-06-01 03:48:44,133 INFO     ___FILE_ONLY___ RUNNING
2018-06-01 03:48:44,133 INFO     ___FILE_ONLY___ 

2018-06-01 03:48:44,134 INFO     ___FILE_ONLY___ nfs
2018-06-01 03:48:44,134 INFO     ___FILE_ONLY___               
2018-06-01 03:48:44,134 INFO     ___FILE_ONLY___ us-west1-a
2018-06-01 03:48:44,134 INFO     ___FILE_ONLY___   
2018-06-01 03:48:44,134 INFO     ___FILE_ONLY___ f1-micro
2018-06-01 03:48:44,135 INFO     ___FILE_ONLY___                    
2018-06-01 03:48:44,135 INFO     ___FILE_ONLY___ 10.138.0.8
2018-06-01 03:48:44,135 INFO     ___FILE_ONLY___                    
2018-06-01 03:48:44,136 INFO     ___FILE_ONLY___ TERMINATED
2018-06-01 03:48:44,136 INFO     ___FILE_ONLY___ 

2018-06-01 03:48:44,136 INFO     ___FILE_ONLY___ postgres
2018-06-01 03:48:44,136 INFO     ___FILE_ONLY___          
2018-06-01 03:48:44,136 INFO     ___FILE_ONLY___ us-west1-a
2018-06-01 03:48:44,137 INFO     ___FILE_ONLY___   
2018-06-01 03:48:44,137 INFO     ___FILE_ONLY___ f1-micro
2018-06-01 03:48:44,137 INFO     ___FILE_ONLY___                    
2018-06-01 03:48:44,137 INFO     ___FILE_ONLY___ 10.138.0.9
2018-06-01 03:48:44,138 INFO     ___FILE_ONLY___                    
2018-06-01 03:48:44,138 INFO     ___FILE_ONLY___ TERMINATED
2018-06-01 03:48:44,138 INFO     ___FILE_ONLY___ 

2018-06-01 03:48:44,138 INFO     ___FILE_ONLY___ rpm-3
2018-06-01 03:48:44,139 INFO     ___FILE_ONLY___             
2018-06-01 03:48:44,139 INFO     ___FILE_ONLY___ us-west1-a
2018-06-01 03:48:44,139 INFO     ___FILE_ONLY___   
2018-06-01 03:48:44,139 INFO     ___FILE_ONLY___ f1-micro
2018-06-01 03:48:44,139 INFO     ___FILE_ONLY___                    
2018-06-01 03:48:44,139 INFO     ___FILE_ONLY___ 10.138.0.10
2018-06-01 03:48:44,140 INFO     ___FILE_ONLY___   
2018-06-01 03:48:44,140 INFO     ___FILE_ONLY___ 35.233.210.90
2018-06-01 03:48:44,140 INFO     ___FILE_ONLY___    
2018-06-01 03:48:44,140 INFO     ___FILE_ONLY___ RUNNING
2018-06-01 03:48:44,140 INFO     ___FILE_ONLY___ 

2018-06-01 03:48:44,140 INFO     ___FILE_ONLY___ rpm-server
2018-06-01 03:48:44,140 INFO     ___FILE_ONLY___        
2018-06-01 03:48:44,140 INFO     ___FILE_ONLY___ us-west1-a
2018-06-01 03:48:44,141 INFO     ___FILE_ONLY___   
2018-06-01 03:48:44,141 INFO     ___FILE_ONLY___ f1-micro
2018-06-01 03:48:44,141 INFO     ___FILE_ONLY___                    
2018-06-01 03:48:44,141 INFO     ___FILE_ONLY___ 10.138.0.13
2018-06-01 03:48:44,141 INFO     ___FILE_ONLY___   
2018-06-01 03:48:44,141 INFO     ___FILE_ONLY___ 104.196.237.8
2018-06-01 03:48:44,142 INFO     ___FILE_ONLY___    
2018-06-01 03:48:44,142 INFO     ___FILE_ONLY___ RUNNING
2018-06-01 03:48:44,142 INFO     ___FILE_ONLY___ 

2018-06-01 03:48:44,142 INFO     ___FILE_ONLY___ rpmbuild-server
2018-06-01 03:48:44,142 INFO     ___FILE_ONLY___   
2018-06-01 03:48:44,142 INFO     ___FILE_ONLY___ us-west1-a
2018-06-01 03:48:44,143 INFO     ___FILE_ONLY___   
2018-06-01 03:48:44,143 INFO     ___FILE_ONLY___ f1-micro
2018-06-01 03:48:44,143 INFO     ___FILE_ONLY___                    
2018-06-01 03:48:44,143 INFO     ___FILE_ONLY___ 10.138.0.4
2018-06-01 03:48:44,143 INFO     ___FILE_ONLY___    
2018-06-01 03:48:44,143 INFO     ___FILE_ONLY___ 35.203.141.253
2018-06-01 03:48:44,144 INFO     ___FILE_ONLY___   
2018-06-01 03:48:44,144 INFO     ___FILE_ONLY___ RUNNING
2018-06-01 03:48:44,144 INFO     ___FILE_ONLY___ 

2018-06-01 03:48:44,144 INFO     ___FILE_ONLY___ rsyslog
2018-06-01 03:48:44,144 INFO     ___FILE_ONLY___           
2018-06-01 03:48:44,144 INFO     ___FILE_ONLY___ us-west1-a
2018-06-01 03:48:44,145 INFO     ___FILE_ONLY___   
2018-06-01 03:48:44,145 INFO     ___FILE_ONLY___ f1-micro
2018-06-01 03:48:44,145 INFO     ___FILE_ONLY___                    
2018-06-01 03:48:44,145 INFO     ___FILE_ONLY___ 10.138.0.3
2018-06-01 03:48:44,145 INFO     ___FILE_ONLY___                    
2018-06-01 03:48:44,145 INFO     ___FILE_ONLY___ TERMINATED
2018-06-01 03:48:44,145 INFO     ___FILE_ONLY___ 

2018-06-01 03:48:44,147 DEBUG    root            SDK update checks are disabled.
