2018-06-01 03:48:54,605 DEBUG    root            Loaded Command Group: [u'gcloud', u'compute', u'instances']
2018-06-01 03:48:54,615 DEBUG    root            Loaded Command Group: [u'gcloud', u'compute', u'instances', u'list']
2018-06-01 03:48:54,619 DEBUG    root            Running [gcloud.compute.instances.list] with arguments: []
2018-06-01 03:48:54,909 INFO     root            Display format: "    table(
      name,
      zone.basename(),
      machineType.machine_type().basename(),
      scheduling.preemptible.yesno(yes=true, no=''),
      networkInterfaces[].networkIP.notnull().list():label=INTERNAL_IP,
      networkInterfaces[].accessConfigs[0].natIP.notnull().list()      :label=EXTERNAL_IP,
      status
    )"
2018-06-01 03:48:55,314 INFO     root            cache collection=compute.instances api_version=v1 params=[u'project', u'zone', u'instance']
2018-06-01 03:48:55,317 INFO     ___FILE_ONLY___ NAME
2018-06-01 03:48:55,318 INFO     ___FILE_ONLY___              
2018-06-01 03:48:55,318 INFO     ___FILE_ONLY___ ZONE
2018-06-01 03:48:55,318 INFO     ___FILE_ONLY___         
2018-06-01 03:48:55,318 INFO     ___FILE_ONLY___ MACHINE_TYPE
2018-06-01 03:48:55,318 INFO     ___FILE_ONLY___   
2018-06-01 03:48:55,318 INFO     ___FILE_ONLY___ PREEMPTIBLE
2018-06-01 03:48:55,318 INFO     ___FILE_ONLY___   
2018-06-01 03:48:55,318 INFO     ___FILE_ONLY___ INTERNAL_IP
2018-06-01 03:48:55,319 INFO     ___FILE_ONLY___   
2018-06-01 03:48:55,319 INFO     ___FILE_ONLY___ EXTERNAL_IP
2018-06-01 03:48:55,319 INFO     ___FILE_ONLY___      
2018-06-01 03:48:55,319 INFO     ___FILE_ONLY___ STATUS
2018-06-01 03:48:55,319 INFO     ___FILE_ONLY___ 

2018-06-01 03:48:55,319 INFO     ___FILE_ONLY___ cacti-server
2018-06-01 03:48:55,319 INFO     ___FILE_ONLY___      
2018-06-01 03:48:55,319 INFO     ___FILE_ONLY___ us-west1-a
2018-06-01 03:48:55,320 INFO     ___FILE_ONLY___   
2018-06-01 03:48:55,320 INFO     ___FILE_ONLY___ f1-micro
2018-06-01 03:48:55,320 INFO     ___FILE_ONLY___                    
2018-06-01 03:48:55,320 INFO     ___FILE_ONLY___ 10.138.0.14
2018-06-01 03:48:55,320 INFO     ___FILE_ONLY___                   
2018-06-01 03:48:55,320 INFO     ___FILE_ONLY___ TERMINATED
2018-06-01 03:48:55,320 INFO     ___FILE_ONLY___ 

2018-06-01 03:48:55,320 INFO     ___FILE_ONLY___ django-a
2018-06-01 03:48:55,321 INFO     ___FILE_ONLY___          
2018-06-01 03:48:55,321 INFO     ___FILE_ONLY___ us-west1-a
2018-06-01 03:48:55,321 INFO     ___FILE_ONLY___   
2018-06-01 03:48:55,321 INFO     ___FILE_ONLY___ f1-micro
2018-06-01 03:48:55,321 INFO     ___FILE_ONLY___                    
2018-06-01 03:48:55,321 INFO     ___FILE_ONLY___ 10.138.0.11
2018-06-01 03:48:55,321 INFO     ___FILE_ONLY___                   
2018-06-01 03:48:55,322 INFO     ___FILE_ONLY___ TERMINATED
2018-06-01 03:48:55,322 INFO     ___FILE_ONLY___ 

2018-06-01 03:48:55,322 INFO     ___FILE_ONLY___ gcloud1
2018-06-01 03:48:55,322 INFO     ___FILE_ONLY___           
2018-06-01 03:48:55,322 INFO     ___FILE_ONLY___ us-west1-a
2018-06-01 03:48:55,322 INFO     ___FILE_ONLY___   
2018-06-01 03:48:55,322 INFO     ___FILE_ONLY___ f1-micro
2018-06-01 03:48:55,323 INFO     ___FILE_ONLY___                    
2018-06-01 03:48:55,323 INFO     ___FILE_ONLY___ 10.138.0.2
2018-06-01 03:48:55,323 INFO     ___FILE_ONLY___    
2018-06-01 03:48:55,323 INFO     ___FILE_ONLY___ 35.230.93.117
2018-06-01 03:48:55,323 INFO     ___FILE_ONLY___    
2018-06-01 03:48:55,323 INFO     ___FILE_ONLY___ RUNNING
2018-06-01 03:48:55,323 INFO     ___FILE_ONLY___ 

2018-06-01 03:48:55,324 INFO     ___FILE_ONLY___ ldap
2018-06-01 03:48:55,324 INFO     ___FILE_ONLY___              
2018-06-01 03:48:55,324 INFO     ___FILE_ONLY___ us-west1-a
2018-06-01 03:48:55,324 INFO     ___FILE_ONLY___   
2018-06-01 03:48:55,324 INFO     ___FILE_ONLY___ f1-micro
2018-06-01 03:48:55,325 INFO     ___FILE_ONLY___                    
2018-06-01 03:48:55,325 INFO     ___FILE_ONLY___ 10.138.0.5
2018-06-01 03:48:55,325 INFO     ___FILE_ONLY___                    
2018-06-01 03:48:55,325 INFO     ___FILE_ONLY___ TERMINATED
2018-06-01 03:48:55,325 INFO     ___FILE_ONLY___ 

2018-06-01 03:48:55,326 INFO     ___FILE_ONLY___ ldap-server
2018-06-01 03:48:55,326 INFO     ___FILE_ONLY___       
2018-06-01 03:48:55,326 INFO     ___FILE_ONLY___ us-west1-a
2018-06-01 03:48:55,326 INFO     ___FILE_ONLY___   
2018-06-01 03:48:55,327 INFO     ___FILE_ONLY___ f1-micro
2018-06-01 03:48:55,327 INFO     ___FILE_ONLY___                    
2018-06-01 03:48:55,327 INFO     ___FILE_ONLY___ 10.138.0.7
2018-06-01 03:48:55,327 INFO     ___FILE_ONLY___                    
2018-06-01 03:48:55,328 INFO     ___FILE_ONLY___ TERMINATED
2018-06-01 03:48:55,328 INFO     ___FILE_ONLY___ 

2018-06-01 03:48:55,328 INFO     ___FILE_ONLY___ nagios-server
2018-06-01 03:48:55,328 INFO     ___FILE_ONLY___     
2018-06-01 03:48:55,328 INFO     ___FILE_ONLY___ us-west1-a
2018-06-01 03:48:55,329 INFO     ___FILE_ONLY___   
2018-06-01 03:48:55,329 INFO     ___FILE_ONLY___ f1-micro
2018-06-01 03:48:55,329 INFO     ___FILE_ONLY___                    
2018-06-01 03:48:55,329 INFO     ___FILE_ONLY___ 10.138.0.12
2018-06-01 03:48:55,330 INFO     ___FILE_ONLY___   
2018-06-01 03:48:55,330 INFO     ___FILE_ONLY___ 35.230.33.182
2018-06-01 03:48:55,330 INFO     ___FILE_ONLY___    
2018-06-01 03:48:55,330 INFO     ___FILE_ONLY___ RUNNING
2018-06-01 03:48:55,330 INFO     ___FILE_ONLY___ 

2018-06-01 03:48:55,330 INFO     ___FILE_ONLY___ nagios1
2018-06-01 03:48:55,330 INFO     ___FILE_ONLY___           
2018-06-01 03:48:55,330 INFO     ___FILE_ONLY___ us-west1-a
2018-06-01 03:48:55,331 INFO     ___FILE_ONLY___   
2018-06-01 03:48:55,331 INFO     ___FILE_ONLY___ f1-micro
2018-06-01 03:48:55,331 INFO     ___FILE_ONLY___                    
2018-06-01 03:48:55,331 INFO     ___FILE_ONLY___ 10.138.0.6
2018-06-01 03:48:55,331 INFO     ___FILE_ONLY___    
2018-06-01 03:48:55,331 INFO     ___FILE_ONLY___ 35.233.249.225
2018-06-01 03:48:55,331 INFO     ___FILE_ONLY___   
2018-06-01 03:48:55,332 INFO     ___FILE_ONLY___ RUNNING
2018-06-01 03:48:55,332 INFO     ___FILE_ONLY___ 

2018-06-01 03:48:55,332 INFO     ___FILE_ONLY___ nfs
2018-06-01 03:48:55,332 INFO     ___FILE_ONLY___               
2018-06-01 03:48:55,332 INFO     ___FILE_ONLY___ us-west1-a
2018-06-01 03:48:55,332 INFO     ___FILE_ONLY___   
2018-06-01 03:48:55,332 INFO     ___FILE_ONLY___ f1-micro
2018-06-01 03:48:55,333 INFO     ___FILE_ONLY___                    
2018-06-01 03:48:55,333 INFO     ___FILE_ONLY___ 10.138.0.8
2018-06-01 03:48:55,333 INFO     ___FILE_ONLY___                    
2018-06-01 03:48:55,333 INFO     ___FILE_ONLY___ TERMINATED
2018-06-01 03:48:55,333 INFO     ___FILE_ONLY___ 

2018-06-01 03:48:55,334 INFO     ___FILE_ONLY___ postgres
2018-06-01 03:48:55,334 INFO     ___FILE_ONLY___          
2018-06-01 03:48:55,334 INFO     ___FILE_ONLY___ us-west1-a
2018-06-01 03:48:55,334 INFO     ___FILE_ONLY___   
2018-06-01 03:48:55,335 INFO     ___FILE_ONLY___ f1-micro
2018-06-01 03:48:55,335 INFO     ___FILE_ONLY___                    
2018-06-01 03:48:55,335 INFO     ___FILE_ONLY___ 10.138.0.9
2018-06-01 03:48:55,335 INFO     ___FILE_ONLY___                    
2018-06-01 03:48:55,335 INFO     ___FILE_ONLY___ TERMINATED
2018-06-01 03:48:55,336 INFO     ___FILE_ONLY___ 

2018-06-01 03:48:55,336 INFO     ___FILE_ONLY___ rpm-3
2018-06-01 03:48:55,336 INFO     ___FILE_ONLY___             
2018-06-01 03:48:55,336 INFO     ___FILE_ONLY___ us-west1-a
2018-06-01 03:48:55,337 INFO     ___FILE_ONLY___   
2018-06-01 03:48:55,337 INFO     ___FILE_ONLY___ f1-micro
2018-06-01 03:48:55,337 INFO     ___FILE_ONLY___                    
2018-06-01 03:48:55,337 INFO     ___FILE_ONLY___ 10.138.0.10
2018-06-01 03:48:55,338 INFO     ___FILE_ONLY___   
2018-06-01 03:48:55,338 INFO     ___FILE_ONLY___ 35.233.210.90
2018-06-01 03:48:55,338 INFO     ___FILE_ONLY___    
2018-06-01 03:48:55,338 INFO     ___FILE_ONLY___ RUNNING
2018-06-01 03:48:55,338 INFO     ___FILE_ONLY___ 

2018-06-01 03:48:55,338 INFO     ___FILE_ONLY___ rpm-server
2018-06-01 03:48:55,338 INFO     ___FILE_ONLY___        
2018-06-01 03:48:55,338 INFO     ___FILE_ONLY___ us-west1-a
2018-06-01 03:48:55,338 INFO     ___FILE_ONLY___   
2018-06-01 03:48:55,339 INFO     ___FILE_ONLY___ f1-micro
2018-06-01 03:48:55,339 INFO     ___FILE_ONLY___                    
2018-06-01 03:48:55,339 INFO     ___FILE_ONLY___ 10.138.0.13
2018-06-01 03:48:55,339 INFO     ___FILE_ONLY___   
2018-06-01 03:48:55,339 INFO     ___FILE_ONLY___ 104.196.237.8
2018-06-01 03:48:55,339 INFO     ___FILE_ONLY___    
2018-06-01 03:48:55,339 INFO     ___FILE_ONLY___ RUNNING
2018-06-01 03:48:55,339 INFO     ___FILE_ONLY___ 

2018-06-01 03:48:55,340 INFO     ___FILE_ONLY___ rpmbuild-server
2018-06-01 03:48:55,340 INFO     ___FILE_ONLY___   
2018-06-01 03:48:55,340 INFO     ___FILE_ONLY___ us-west1-a
2018-06-01 03:48:55,340 INFO     ___FILE_ONLY___   
2018-06-01 03:48:55,340 INFO     ___FILE_ONLY___ f1-micro
2018-06-01 03:48:55,341 INFO     ___FILE_ONLY___                    
2018-06-01 03:48:55,341 INFO     ___FILE_ONLY___ 10.138.0.4
2018-06-01 03:48:55,341 INFO     ___FILE_ONLY___    
2018-06-01 03:48:55,341 INFO     ___FILE_ONLY___ 35.203.141.253
2018-06-01 03:48:55,341 INFO     ___FILE_ONLY___   
2018-06-01 03:48:55,342 INFO     ___FILE_ONLY___ RUNNING
2018-06-01 03:48:55,342 INFO     ___FILE_ONLY___ 

2018-06-01 03:48:55,342 INFO     ___FILE_ONLY___ rsyslog
2018-06-01 03:48:55,342 INFO     ___FILE_ONLY___           
2018-06-01 03:48:55,343 INFO     ___FILE_ONLY___ us-west1-a
2018-06-01 03:48:55,343 INFO     ___FILE_ONLY___   
2018-06-01 03:48:55,343 INFO     ___FILE_ONLY___ f1-micro
2018-06-01 03:48:55,343 INFO     ___FILE_ONLY___                    
2018-06-01 03:48:55,343 INFO     ___FILE_ONLY___ 10.138.0.3
2018-06-01 03:48:55,344 INFO     ___FILE_ONLY___                    
2018-06-01 03:48:55,344 INFO     ___FILE_ONLY___ TERMINATED
2018-06-01 03:48:55,344 INFO     ___FILE_ONLY___ 

2018-06-01 03:48:55,346 DEBUG    root            SDK update checks are disabled.
