2018-06-01 05:39:37,049 DEBUG    root            Loaded Command Group: [u'gcloud', u'compute', u'instances']
2018-06-01 05:39:37,058 DEBUG    root            Loaded Command Group: [u'gcloud', u'compute', u'instances', u'list']
2018-06-01 05:39:37,061 DEBUG    root            Running [gcloud.compute.instances.list] with arguments: []
2018-06-01 05:39:37,353 INFO     root            Display format: "    table(
      name,
      zone.basename(),
      machineType.machine_type().basename(),
      scheduling.preemptible.yesno(yes=true, no=''),
      networkInterfaces[].networkIP.notnull().list():label=INTERNAL_IP,
      networkInterfaces[].accessConfigs[0].natIP.notnull().list()      :label=EXTERNAL_IP,
      status
    )"
2018-06-01 05:39:37,783 INFO     root            cache collection=compute.instances api_version=v1 params=[u'project', u'zone', u'instance']
2018-06-01 05:39:37,786 INFO     ___FILE_ONLY___ NAME
2018-06-01 05:39:37,786 INFO     ___FILE_ONLY___              
2018-06-01 05:39:37,786 INFO     ___FILE_ONLY___ ZONE
2018-06-01 05:39:37,786 INFO     ___FILE_ONLY___         
2018-06-01 05:39:37,786 INFO     ___FILE_ONLY___ MACHINE_TYPE
2018-06-01 05:39:37,787 INFO     ___FILE_ONLY___   
2018-06-01 05:39:37,787 INFO     ___FILE_ONLY___ PREEMPTIBLE
2018-06-01 05:39:37,787 INFO     ___FILE_ONLY___   
2018-06-01 05:39:37,787 INFO     ___FILE_ONLY___ INTERNAL_IP
2018-06-01 05:39:37,787 INFO     ___FILE_ONLY___   
2018-06-01 05:39:37,787 INFO     ___FILE_ONLY___ EXTERNAL_IP
2018-06-01 05:39:37,787 INFO     ___FILE_ONLY___      
2018-06-01 05:39:37,787 INFO     ___FILE_ONLY___ STATUS
2018-06-01 05:39:37,788 INFO     ___FILE_ONLY___ 

2018-06-01 05:39:37,788 INFO     ___FILE_ONLY___ cacti-server
2018-06-01 05:39:37,788 INFO     ___FILE_ONLY___      
2018-06-01 05:39:37,788 INFO     ___FILE_ONLY___ us-west1-a
2018-06-01 05:39:37,788 INFO     ___FILE_ONLY___   
2018-06-01 05:39:37,788 INFO     ___FILE_ONLY___ f1-micro
2018-06-01 05:39:37,788 INFO     ___FILE_ONLY___                    
2018-06-01 05:39:37,788 INFO     ___FILE_ONLY___ 10.138.0.14
2018-06-01 05:39:37,789 INFO     ___FILE_ONLY___                   
2018-06-01 05:39:37,789 INFO     ___FILE_ONLY___ TERMINATED
2018-06-01 05:39:37,789 INFO     ___FILE_ONLY___ 

2018-06-01 05:39:37,789 INFO     ___FILE_ONLY___ django-a
2018-06-01 05:39:37,789 INFO     ___FILE_ONLY___          
2018-06-01 05:39:37,789 INFO     ___FILE_ONLY___ us-west1-a
2018-06-01 05:39:37,789 INFO     ___FILE_ONLY___   
2018-06-01 05:39:37,789 INFO     ___FILE_ONLY___ f1-micro
2018-06-01 05:39:37,790 INFO     ___FILE_ONLY___                    
2018-06-01 05:39:37,790 INFO     ___FILE_ONLY___ 10.138.0.11
2018-06-01 05:39:37,790 INFO     ___FILE_ONLY___                   
2018-06-01 05:39:37,790 INFO     ___FILE_ONLY___ TERMINATED
2018-06-01 05:39:37,790 INFO     ___FILE_ONLY___ 

2018-06-01 05:39:37,790 INFO     ___FILE_ONLY___ gcloud1
2018-06-01 05:39:37,790 INFO     ___FILE_ONLY___           
2018-06-01 05:39:37,790 INFO     ___FILE_ONLY___ us-west1-a
2018-06-01 05:39:37,791 INFO     ___FILE_ONLY___   
2018-06-01 05:39:37,791 INFO     ___FILE_ONLY___ f1-micro
2018-06-01 05:39:37,791 INFO     ___FILE_ONLY___                    
2018-06-01 05:39:37,791 INFO     ___FILE_ONLY___ 10.138.0.2
2018-06-01 05:39:37,791 INFO     ___FILE_ONLY___    
2018-06-01 05:39:37,791 INFO     ___FILE_ONLY___ 35.230.93.117
2018-06-01 05:39:37,791 INFO     ___FILE_ONLY___    
2018-06-01 05:39:37,791 INFO     ___FILE_ONLY___ RUNNING
2018-06-01 05:39:37,792 INFO     ___FILE_ONLY___ 

2018-06-01 05:39:37,792 INFO     ___FILE_ONLY___ ldap
2018-06-01 05:39:37,792 INFO     ___FILE_ONLY___              
2018-06-01 05:39:37,792 INFO     ___FILE_ONLY___ us-west1-a
2018-06-01 05:39:37,792 INFO     ___FILE_ONLY___   
2018-06-01 05:39:37,792 INFO     ___FILE_ONLY___ f1-micro
2018-06-01 05:39:37,792 INFO     ___FILE_ONLY___                    
2018-06-01 05:39:37,792 INFO     ___FILE_ONLY___ 10.138.0.5
2018-06-01 05:39:37,793 INFO     ___FILE_ONLY___    
2018-06-01 05:39:37,793 INFO     ___FILE_ONLY___ 35.227.165.47
2018-06-01 05:39:37,793 INFO     ___FILE_ONLY___    
2018-06-01 05:39:37,793 INFO     ___FILE_ONLY___ RUNNING
2018-06-01 05:39:37,793 INFO     ___FILE_ONLY___ 

2018-06-01 05:39:37,793 INFO     ___FILE_ONLY___ ldap-server
2018-06-01 05:39:37,793 INFO     ___FILE_ONLY___       
2018-06-01 05:39:37,793 INFO     ___FILE_ONLY___ us-west1-a
2018-06-01 05:39:37,794 INFO     ___FILE_ONLY___   
2018-06-01 05:39:37,794 INFO     ___FILE_ONLY___ f1-micro
2018-06-01 05:39:37,794 INFO     ___FILE_ONLY___                    
2018-06-01 05:39:37,794 INFO     ___FILE_ONLY___ 10.138.0.7
2018-06-01 05:39:37,794 INFO     ___FILE_ONLY___                    
2018-06-01 05:39:37,794 INFO     ___FILE_ONLY___ TERMINATED
2018-06-01 05:39:37,794 INFO     ___FILE_ONLY___ 

2018-06-01 05:39:37,795 INFO     ___FILE_ONLY___ nagios-server
2018-06-01 05:39:37,795 INFO     ___FILE_ONLY___     
2018-06-01 05:39:37,795 INFO     ___FILE_ONLY___ us-west1-a
2018-06-01 05:39:37,795 INFO     ___FILE_ONLY___   
2018-06-01 05:39:37,795 INFO     ___FILE_ONLY___ f1-micro
2018-06-01 05:39:37,795 INFO     ___FILE_ONLY___                    
2018-06-01 05:39:37,795 INFO     ___FILE_ONLY___ 10.138.0.12
2018-06-01 05:39:37,795 INFO     ___FILE_ONLY___   
2018-06-01 05:39:37,795 INFO     ___FILE_ONLY___ 35.230.33.182
2018-06-01 05:39:37,796 INFO     ___FILE_ONLY___    
2018-06-01 05:39:37,796 INFO     ___FILE_ONLY___ RUNNING
2018-06-01 05:39:37,796 INFO     ___FILE_ONLY___ 

2018-06-01 05:39:37,796 INFO     ___FILE_ONLY___ nagios1
2018-06-01 05:39:37,796 INFO     ___FILE_ONLY___           
2018-06-01 05:39:37,796 INFO     ___FILE_ONLY___ us-west1-a
2018-06-01 05:39:37,796 INFO     ___FILE_ONLY___   
2018-06-01 05:39:37,796 INFO     ___FILE_ONLY___ f1-micro
2018-06-01 05:39:37,797 INFO     ___FILE_ONLY___                    
2018-06-01 05:39:37,797 INFO     ___FILE_ONLY___ 10.138.0.6
2018-06-01 05:39:37,797 INFO     ___FILE_ONLY___    
2018-06-01 05:39:37,797 INFO     ___FILE_ONLY___ 35.233.249.225
2018-06-01 05:39:37,797 INFO     ___FILE_ONLY___   
2018-06-01 05:39:37,797 INFO     ___FILE_ONLY___ RUNNING
2018-06-01 05:39:37,797 INFO     ___FILE_ONLY___ 

2018-06-01 05:39:37,797 INFO     ___FILE_ONLY___ nfs
2018-06-01 05:39:37,798 INFO     ___FILE_ONLY___               
2018-06-01 05:39:37,798 INFO     ___FILE_ONLY___ us-west1-a
2018-06-01 05:39:37,798 INFO     ___FILE_ONLY___   
2018-06-01 05:39:37,798 INFO     ___FILE_ONLY___ f1-micro
2018-06-01 05:39:37,798 INFO     ___FILE_ONLY___                    
2018-06-01 05:39:37,798 INFO     ___FILE_ONLY___ 10.138.0.8
2018-06-01 05:39:37,798 INFO     ___FILE_ONLY___                    
2018-06-01 05:39:37,798 INFO     ___FILE_ONLY___ TERMINATED
2018-06-01 05:39:37,799 INFO     ___FILE_ONLY___ 

2018-06-01 05:39:37,799 INFO     ___FILE_ONLY___ postgres
2018-06-01 05:39:37,799 INFO     ___FILE_ONLY___          
2018-06-01 05:39:37,799 INFO     ___FILE_ONLY___ us-west1-a
2018-06-01 05:39:37,799 INFO     ___FILE_ONLY___   
2018-06-01 05:39:37,799 INFO     ___FILE_ONLY___ f1-micro
2018-06-01 05:39:37,799 INFO     ___FILE_ONLY___                    
2018-06-01 05:39:37,799 INFO     ___FILE_ONLY___ 10.138.0.9
2018-06-01 05:39:37,800 INFO     ___FILE_ONLY___                    
2018-06-01 05:39:37,800 INFO     ___FILE_ONLY___ TERMINATED
2018-06-01 05:39:37,800 INFO     ___FILE_ONLY___ 

2018-06-01 05:39:37,800 INFO     ___FILE_ONLY___ rpm-3
2018-06-01 05:39:37,800 INFO     ___FILE_ONLY___             
2018-06-01 05:39:37,800 INFO     ___FILE_ONLY___ us-west1-a
2018-06-01 05:39:37,800 INFO     ___FILE_ONLY___   
2018-06-01 05:39:37,800 INFO     ___FILE_ONLY___ f1-micro
2018-06-01 05:39:37,801 INFO     ___FILE_ONLY___                    
2018-06-01 05:39:37,801 INFO     ___FILE_ONLY___ 10.138.0.10
2018-06-01 05:39:37,801 INFO     ___FILE_ONLY___   
2018-06-01 05:39:37,801 INFO     ___FILE_ONLY___ 35.233.210.90
2018-06-01 05:39:37,801 INFO     ___FILE_ONLY___    
2018-06-01 05:39:37,801 INFO     ___FILE_ONLY___ RUNNING
2018-06-01 05:39:37,801 INFO     ___FILE_ONLY___ 

2018-06-01 05:39:37,801 INFO     ___FILE_ONLY___ rpm-server
2018-06-01 05:39:37,801 INFO     ___FILE_ONLY___        
2018-06-01 05:39:37,802 INFO     ___FILE_ONLY___ us-west1-a
2018-06-01 05:39:37,802 INFO     ___FILE_ONLY___   
2018-06-01 05:39:37,802 INFO     ___FILE_ONLY___ f1-micro
2018-06-01 05:39:37,802 INFO     ___FILE_ONLY___                    
2018-06-01 05:39:37,802 INFO     ___FILE_ONLY___ 10.138.0.13
2018-06-01 05:39:37,802 INFO     ___FILE_ONLY___   
2018-06-01 05:39:37,802 INFO     ___FILE_ONLY___ 104.196.237.8
2018-06-01 05:39:37,802 INFO     ___FILE_ONLY___    
2018-06-01 05:39:37,803 INFO     ___FILE_ONLY___ RUNNING
2018-06-01 05:39:37,803 INFO     ___FILE_ONLY___ 

2018-06-01 05:39:37,803 INFO     ___FILE_ONLY___ rpmbuild-server
2018-06-01 05:39:37,803 INFO     ___FILE_ONLY___   
2018-06-01 05:39:37,803 INFO     ___FILE_ONLY___ us-west1-a
2018-06-01 05:39:37,803 INFO     ___FILE_ONLY___   
2018-06-01 05:39:37,803 INFO     ___FILE_ONLY___ f1-micro
2018-06-01 05:39:37,804 INFO     ___FILE_ONLY___                    
2018-06-01 05:39:37,804 INFO     ___FILE_ONLY___ 10.138.0.4
2018-06-01 05:39:37,804 INFO     ___FILE_ONLY___    
2018-06-01 05:39:37,804 INFO     ___FILE_ONLY___ 35.203.141.253
2018-06-01 05:39:37,804 INFO     ___FILE_ONLY___   
2018-06-01 05:39:37,804 INFO     ___FILE_ONLY___ RUNNING
2018-06-01 05:39:37,804 INFO     ___FILE_ONLY___ 

2018-06-01 05:39:37,804 INFO     ___FILE_ONLY___ rsyslog
2018-06-01 05:39:37,805 INFO     ___FILE_ONLY___           
2018-06-01 05:39:37,805 INFO     ___FILE_ONLY___ us-west1-a
2018-06-01 05:39:37,805 INFO     ___FILE_ONLY___   
2018-06-01 05:39:37,805 INFO     ___FILE_ONLY___ f1-micro
2018-06-01 05:39:37,805 INFO     ___FILE_ONLY___                    
2018-06-01 05:39:37,805 INFO     ___FILE_ONLY___ 10.138.0.3
2018-06-01 05:39:37,805 INFO     ___FILE_ONLY___                    
2018-06-01 05:39:37,805 INFO     ___FILE_ONLY___ TERMINATED
2018-06-01 05:39:37,806 INFO     ___FILE_ONLY___ 

2018-06-01 05:39:37,807 DEBUG    root            SDK update checks are disabled.
