2018-05-31 01:30:51,200 DEBUG    root            No implementation for release track [GA] for element: [/usr/lib64/google-cloud-sdk/lib/surface/tasks]
2018-05-31 01:30:51,241 DEBUG    root            Loaded Command Group: [u'gcloud', u'feedback']
2018-05-31 01:30:51,277 DEBUG    root            Loaded Command Group: [u'gcloud', u'app']
2018-05-31 01:30:51,348 DEBUG    root            No implementation for release track [GA] for element: [/usr/lib64/google-cloud-sdk/lib/surface/access_context_manager]
2018-05-31 01:30:51,387 DEBUG    root            Loaded Command Group: [u'gcloud', u'services']
2018-05-31 01:30:51,445 DEBUG    root            Loaded Command Group: [u'gcloud', u'meta']
2018-05-31 01:30:51,507 DEBUG    root            No implementation for release track [GA] for element: [/usr/lib64/google-cloud-sdk/lib/surface/composer]
2018-05-31 01:30:51,538 DEBUG    root            Loaded Command Group: [u'gcloud', u'datastore']
2018-05-31 01:30:51,556 DEBUG    root            Loaded Command Group: [u'gcloud', u'help']
2018-05-31 01:30:51,559 DEBUG    root            Loaded Command Group: [u'gcloud', u'iam']
2018-05-31 01:30:51,615 DEBUG    root            No implementation for release track [GA] for element: [/usr/lib64/google-cloud-sdk/lib/surface/genomics]
2018-05-31 01:30:51,647 DEBUG    root            Loaded Command Group: [u'gcloud', u'functions']
2018-05-31 01:30:51,724 DEBUG    root            Loaded Command Group: [u'gcloud', u'container']
2018-05-31 01:30:51,791 DEBUG    root            No implementation for release track [GA] for element: [/usr/lib64/google-cloud-sdk/lib/surface/billing]
2018-05-31 01:30:51,816 DEBUG    root            No implementation for release track [GA] for element: [/usr/lib64/google-cloud-sdk/lib/surface/redis]
2018-05-31 01:30:51,817 DEBUG    root            Loaded Command Group: [u'gcloud', u'source']
2018-05-31 01:30:51,952 DEBUG    root            Loaded Command Group: [u'gcloud', u'init']
2018-05-31 01:30:52,021 DEBUG    root            No implementation for release track [GA] for element: [/usr/lib64/google-cloud-sdk/lib/surface/dlp]
2018-05-31 01:30:52,067 DEBUG    root            Loaded Command Group: [u'gcloud', u'kms']
2018-05-31 01:30:52,136 DEBUG    root            No implementation for release track [GA] for element: [/usr/lib64/google-cloud-sdk/lib/surface/bigtable]
2018-05-31 01:30:52,138 DEBUG    root            Loaded Command Group: [u'gcloud', u'dns']
2018-05-31 01:30:52,140 DEBUG    root            Loaded Command Group: [u'gcloud', u'config']
2018-05-31 01:30:52,193 DEBUG    root            No implementation for release track [GA] for element: [/usr/lib64/google-cloud-sdk/lib/surface/resources]
2018-05-31 01:30:52,206 DEBUG    root            No implementation for release track [GA] for element: [/usr/lib64/google-cloud-sdk/lib/surface/cloud_shell]
2018-05-31 01:30:52,207 DEBUG    root            Loaded Command Group: [u'gcloud', u'info']
2018-05-31 01:30:52,838 DEBUG    root            No implementation for release track [GA] for element: [/usr/lib64/google-cloud-sdk/lib/surface/interactive]
2018-05-31 01:30:52,840 DEBUG    root            Loaded Command Group: [u'gcloud', u'components']
2018-05-31 01:30:52,870 DEBUG    root            Loaded Command Group: [u'gcloud', u'organizations']
2018-05-31 01:30:52,886 DEBUG    root            Loaded Command Group: [u'gcloud', u'dataproc']
2018-05-31 01:30:53,016 DEBUG    root            Loaded Command Group: [u'gcloud', u'ml_engine']
2018-05-31 01:30:53,048 DEBUG    root            Loaded Command Group: [u'gcloud', u'iot']
2018-05-31 01:30:53,088 DEBUG    root            No implementation for release track [GA] for element: [/usr/lib64/google-cloud-sdk/lib/surface/emulators]
2018-05-31 01:30:53,089 DEBUG    root            Loaded Command Group: [u'gcloud', u'auth']
2018-05-31 01:30:53,107 DEBUG    root            Loaded Command Group: [u'gcloud', u'debug']
2018-05-31 01:30:53,112 DEBUG    root            Loaded Command Group: [u'gcloud', u'firebase']
2018-05-31 01:30:53,114 DEBUG    root            No implementation for release track [GA] for element: [/usr/lib64/google-cloud-sdk/lib/surface/category_manager]
2018-05-31 01:30:53,116 DEBUG    root            No implementation for release track [GA] for element: [/usr/lib64/google-cloud-sdk/lib/surface/scheduler]
2018-05-31 01:30:53,117 DEBUG    root            Loaded Command Group: [u'gcloud', u'sql']
2018-05-31 01:30:53,138 DEBUG    root            Loaded Command Group: [u'gcloud', u'spanner']
2018-05-31 01:30:53,156 DEBUG    root            No implementation for release track [GA] for element: [/usr/lib64/google-cloud-sdk/lib/surface/monitoring]
2018-05-31 01:30:53,157 DEBUG    root            Loaded Command Group: [u'gcloud', u'version']
2018-05-31 01:30:53,160 DEBUG    root            Loaded Command Group: [u'gcloud', u'projects']
2018-05-31 01:30:53,165 DEBUG    root            No implementation for release track [GA] for element: [/usr/lib64/google-cloud-sdk/lib/surface/resource_manager]
2018-05-31 01:30:53,191 DEBUG    root            Loaded Command Group: [u'gcloud', u'topic']
2018-05-31 01:30:53,194 DEBUG    root            Loaded Command Group: [u'gcloud', u'logging']
2018-05-31 01:30:53,197 DEBUG    root            Loaded Command Group: [u'gcloud', u'service_management']
2018-05-31 01:30:53,211 DEBUG    root            Loaded Command Group: [u'gcloud', u'dataflow']
2018-05-31 01:30:53,215 DEBUG    root            Loaded Command Group: [u'gcloud', u'ml']
2018-05-31 01:30:53,219 DEBUG    root            No implementation for release track [GA] for element: [/usr/lib64/google-cloud-sdk/lib/surface/runtime_config]
2018-05-31 01:30:53,223 DEBUG    root            No implementation for release track [GA] for element: [/usr/lib64/google-cloud-sdk/lib/surface/search_help]
2018-05-31 01:30:53,224 DEBUG    root            No implementation for release track [GA] for element: [/usr/lib64/google-cloud-sdk/lib/surface/error_reporting]
2018-05-31 01:30:53,229 DEBUG    root            Loaded Command Group: [u'gcloud', u'domains']
2018-05-31 01:30:53,312 DEBUG    root            Loaded Command Group: [u'gcloud', u'docker']
2018-05-31 01:30:53,316 DEBUG    root            Loaded Command Group: [u'gcloud', u'endpoints']
2018-05-31 01:30:53,319 DEBUG    root            Loaded Command Group: [u'gcloud', u'pubsub']
2018-05-31 01:30:53,322 DEBUG    root            Loaded Command Group: [u'gcloud', u'deployment_manager']
2018-05-31 01:30:53,325 ERROR    root            (gcloud) Invalid choice: 'autho'. Did you mean 'auth'?
